Using pre-set license
Built from '2021.3/staging' branch; Version is '2021.3.5f1 (40eb3a945986) revision 4254522'; Using compiler version '192829333'; Build Type 'Release'
OS: 'Windows 11  (10.0.22631) 64bit Core' Language: 'en' Physical Memory: 10115 MB
BatchMode: 1, IsHumanControllingUs: 0, StartBugReporterOnCrash: 0, Is64bit: 1, IsPro: 1

COMMAND LINE ARGUMENTS:
D:\Unity\Unity 2021.3.5f1\Editor\Unity.exe
-adb2
-batchMode
-noUpm
-name
AssetImportWorker6
-projectPath
D:/Unity/Unity Projects/GAME 351/FinalProject-GAME351
-logFile
Logs/AssetImportWorker6.log
-srvPort
60076
Successfully changed project path to: D:/Unity/Unity Projects/GAME 351/FinalProject-GAME351
D:/Unity/Unity Projects/GAME 351/FinalProject-GAME351
[UnityMemory] Configuration Parameters - Can be set up in boot.config
    "memorysetup-bucket-allocator-granularity=16"
    "memorysetup-bucket-allocator-bucket-count=8"
    "memorysetup-bucket-allocator-block-size=33554432"
    "memorysetup-bucket-allocator-block-count=8"
    "memorysetup-main-allocator-block-size=16777216"
    "memorysetup-thread-allocator-block-size=16777216"
    "memorysetup-gfx-main-allocator-block-size=16777216"
    "memorysetup-gfx-thread-allocator-block-size=16777216"
    "memorysetup-cache-allocator-block-size=4194304"
    "memorysetup-typetree-allocator-block-size=2097152"
    "memorysetup-profiler-bucket-allocator-granularity=16"
    "memorysetup-profiler-bucket-allocator-bucket-count=8"
    "memorysetup-profiler-bucket-allocator-block-size=33554432"
    "memorysetup-profiler-bucket-allocator-block-count=8"
    "memorysetup-profiler-allocator-block-size=16777216"
    "memorysetup-profiler-editor-allocator-block-size=1048576"
    "memorysetup-temp-allocator-size-main=16777216"
    "memorysetup-job-temp-allocator-block-size=2097152"
    "memorysetup-job-temp-allocator-block-size-background=1048576"
    "memorysetup-job-temp-allocator-reduction-small-platforms=262144"
    "memorysetup-temp-allocator-size-background-worker=32768"
    "memorysetup-temp-allocator-size-job-worker=262144"
    "memorysetup-temp-allocator-size-preload-manager=33554432"
    "memorysetup-temp-allocator-size-nav-mesh-worker=65536"
    "memorysetup-temp-allocator-size-audio-worker=65536"
    "memorysetup-temp-allocator-size-cloud-worker=32768"
    "memorysetup-temp-allocator-size-gi-baking-worker=262144"
    "memorysetup-temp-allocator-size-gfx=262144"
Refreshing native plugins compatible for Editor in 428.97 ms, found 3 plugins.
Preloading 0 native plugins for Editor in 0.00 ms.
Initialize engine version: 2021.3.5f1 (40eb3a945986)
[Subsystems] Discovering subsystems at path D:/Unity/Unity 2021.3.5f1/Editor/Data/Resources/UnitySubsystems
[Subsystems] Discovering subsystems at path D:/Unity/Unity Projects/GAME 351/FinalProject-GAME351/Assets
GfxDevice: creating device client; threaded=0; jobified=0
Direct3D:
    Version:  Direct3D 11.0 [level 11.1]
    Renderer: AMD Radeon(TM) Graphics (ID=0x15d8)
    Vendor:   ATI
    VRAM:     5057 MB
    Driver:   31.0.12044.3
Initialize mono
Mono path[0] = 'D:/Unity/Unity 2021.3.5f1/Editor/Data/Managed'
Mono path[1] = 'D:/Unity/Unity 2021.3.5f1/Editor/Data/MonoBleedingEdge/lib/mono/unityjit-win32'
Mono config path = 'D:/Unity/Unity 2021.3.5f1/Editor/Data/MonoBleedingEdge/etc'
Using monoOptions --debugger-agent=transport=dt_socket,embedding=1,server=y,suspend=n,address=127.0.0.1:56240
Begin MonoManager ReloadAssembly
Registering precompiled unity dll's ...
Register platform support module: D:/Unity/Unity 2021.3.5f1/Editor/Data/PlaybackEngines/WindowsStandaloneSupport/UnityEditor.WindowsStandalone.Extensions.dll
Registered in 0.004785 seconds.
Native extension for WindowsStandalone target not found
Refreshing native plugins compatible for Editor in 177.94 ms, found 3 plugins.
Preloading 0 native plugins for Editor in 0.00 ms.
Mono: successfully reloaded assembly
- Completed reload, in  1.654 seconds
Domain Reload Profiling:
	ReloadAssembly (1655ms)
		BeginReloadAssembly (371ms)
			ExecutionOrderSort (0ms)
			DisableScriptedObjects (0ms)
			BackupInstance (0ms)
			ReleaseScriptingObjects (0ms)
			CreateAndSetChildDomain (2ms)
		EndReloadAssembly (958ms)
			LoadAssemblies (369ms)
			RebuildTransferFunctionScriptingTraits (0ms)
			SetupTypeCache (231ms)
			ReleaseScriptCaches (0ms)
			RebuildScriptCaches (64ms)
			SetupLoadedEditorAssemblies (553ms)
				LogAssemblyErrors (0ms)
				InitializePlatformSupportModulesInManaged (18ms)
				SetLoadedEditorAssemblies (1ms)
				RefreshPlugins (178ms)
				BeforeProcessingInitializeOnLoad (2ms)
				ProcessInitializeOnLoadAttributes (258ms)
				ProcessInitializeOnLoadMethodAttributes (96ms)
				AfterProcessingInitializeOnLoad (0ms)
				EditorAssembliesLoaded (0ms)
			ExecutionOrderSort2 (0ms)
			AwakeInstancesAfterBackupRestoration (0ms)
Platform modules already initialized, skipping
Registering precompiled user dll's ...
Registered in 0.005373 seconds.
Begin MonoManager ReloadAssembly
Symbol file LoadedFromMemory doesn't match image D:\Unity\Unity Projects\GAME 351\FinalProject-GAME351\Library\PackageCache\com.unity.visualscripting@1.7.8\Editor\VisualScripting.Core\Dependencies\YamlDotNet\Unity.VisualScripting.YamlDotNet.dll
Symbol file LoadedFromMemory doesn't match image D:\Unity\Unity Projects\GAME 351\FinalProject-GAME351\Library\PackageCache\com.unity.visualscripting@1.7.8\Editor\VisualScripting.Core\Dependencies\DotNetZip\Unity.VisualScripting.IonicZip.dll
Native extension for WindowsStandalone target not found
Refreshing native plugins compatible for Editor in 2.79 ms, found 3 plugins.
Preloading 0 native plugins for Editor in 0.00 ms.
Mono: successfully reloaded assembly
- Completed reload, in  3.416 seconds
Domain Reload Profiling:
	ReloadAssembly (3418ms)
		BeginReloadAssembly (279ms)
			ExecutionOrderSort (0ms)
			DisableScriptedObjects (13ms)
			BackupInstance (0ms)
			ReleaseScriptingObjects (0ms)
			CreateAndSetChildDomain (56ms)
		EndReloadAssembly (2835ms)
			LoadAssemblies (692ms)
			RebuildTransferFunctionScriptingTraits (0ms)
			SetupTypeCache (645ms)
			ReleaseScriptCaches (1ms)
			RebuildScriptCaches (125ms)
			SetupLoadedEditorAssemblies (1291ms)
				LogAssemblyErrors (0ms)
				InitializePlatformSupportModulesInManaged (13ms)
				SetLoadedEditorAssemblies (2ms)
				RefreshPlugins (3ms)
				BeforeProcessingInitializeOnLoad (190ms)
				ProcessInitializeOnLoadAttributes (866ms)
				ProcessInitializeOnLoadMethodAttributes (210ms)
				AfterProcessingInitializeOnLoad (5ms)
				EditorAssembliesLoaded (1ms)
			ExecutionOrderSort2 (0ms)
			AwakeInstancesAfterBackupRestoration (16ms)
Platform modules already initialized, skipping
========================================================================
Worker process is ready to serve import requests
Launched and connected shader compiler UnityShaderCompiler.exe after 0.23 seconds
Refreshing native plugins compatible for Editor in 1.60 ms, found 3 plugins.
Preloading 0 native plugins for Editor in 0.00 ms.
Unloading 3905 Unused Serialized files (Serialized files now loaded: 0)
Unloading 38 unused Assets / (154.6 KB). Loaded Objects now: 4396.
Memory consumption went from 161.0 MB to 160.8 MB.
Total: 4.844700 ms (FindLiveObjects: 0.450000 ms CreateObjectMapping: 0.141800 ms MarkObjects: 4.063200 ms  DeleteObjects: 0.188400 ms)

AssetImportParameters requested are different than current active one (requested -> active):
  custom:video-decoder-ogg-theora: a1e56fd34408186e4bbccfd4996cb3dc -> 
  custom:container-muxer-webm: aa71ff27fc2769a1b78a27578f13a17b -> 
  custom:container-demuxer-webm: 4f35f7cbe854078d1ac9338744f61a02 -> 
  custom:video-encoder-webm-vp8: eb34c28f22e8b96e1ab97ce403110664 -> 
  custom:audio-encoder-webm-vorbis: bf7c407c2cedff20999df2af8eb42d56 -> 
  custom:framework-win-MediaFoundation: 216162199b28c13a410421893ffa2e32 -> 
  custom:container-demuxer-ogg: 62fdf1f143b41e24485cea50d1cbac27 -> 
  custom:video-decoder-webm-vp8: 9c59270c3fd7afecdb556c50c9e8de78 -> 
  custom:audio-decoder-ogg-vorbis: bf7c407c2cedff20999df2af8eb42d56 -> 
========================================================================
Received Import Request.
  Time since last request: 97775.677612 seconds.
  path: Assets/Low Poly Mushrooms Pack/Prefabs/Mushrooms/Agaricus.prefab
  artifactKey: Guid(fb9d22b8adf542b4cba85fb2f0df92bd) Importer(815301076,1909f56bfc062723c751e8b465ee728b)
Start importing Assets/Low Poly Mushrooms Pack/Prefabs/Mushrooms/Agaricus.prefab using Guid(fb9d22b8adf542b4cba85fb2f0df92bd) Importer(815301076,1909f56bfc062723c751e8b465ee728b)  -> (artifact id: '2d8b3b639ce0f45c385806b723b34e94') in 0.780714 seconds 
========================================================================
Received Import Request.
  Time since last request: 0.000047 seconds.
  path: Assets/Low Poly Mushrooms Pack/Prefabs/Mushrooms/ImleriaBadia_big.prefab
  artifactKey: Guid(79d3087a51c9d3848a1c0c95e0e34f51) Importer(815301076,1909f56bfc062723c751e8b465ee728b)
Start importing Assets/Low Poly Mushrooms Pack/Prefabs/Mushrooms/ImleriaBadia_big.prefab using Guid(79d3087a51c9d3848a1c0c95e0e34f51) Importer(815301076,1909f56bfc062723c751e8b465ee728b)  -> (artifact id: 'be9aa804d80d1795c9e1c931cd96df9e') in 0.086543 seconds 
========================================================================
Received Import Request.
  Time since last request: 0.000098 seconds.
  path: Assets/Low Poly Mushrooms Pack/Prefabs/Mushrooms/Cantharellaceae_little.prefab
  artifactKey: Guid(3e50b2b0d6d67a24c9c2e6c4efd2f697) Importer(815301076,1909f56bfc062723c751e8b465ee728b)
Start importing Assets/Low Poly Mushrooms Pack/Prefabs/Mushrooms/Cantharellaceae_little.prefab using Guid(3e50b2b0d6d67a24c9c2e6c4efd2f697) Importer(815301076,1909f56bfc062723c751e8b465ee728b)  -> (artifact id: 'c28e89a95ef9db87ff30373374df30a4') in 0.061605 seconds 
========================================================================
Received Import Request.
  Time since last request: 0.000039 seconds.
  path: Assets/Low Poly Mushrooms Pack/Prefabs/Mushrooms/Agaricus_Atramentarius_little.prefab
  artifactKey: Guid(500b9f8d5c2a76044af4aee3c8b65e8e) Importer(815301076,1909f56bfc062723c751e8b465ee728b)
Start importing Assets/Low Poly Mushrooms Pack/Prefabs/Mushrooms/Agaricus_Atramentarius_little.prefab using Guid(500b9f8d5c2a76044af4aee3c8b65e8e) Importer(815301076,1909f56bfc062723c751e8b465ee728b)  -> (artifact id: '3b8d6ee3473200b1822894286d8cfdb5') in 0.048938 seconds 
========================================================================
Received Import Request.
  Time since last request: 0.000038 seconds.
  path: Assets/Low Poly Mushrooms Pack/Prefabs/Mushrooms/Lactarius_big.prefab
  artifactKey: Guid(d93fc46b09aa3494a8f07f348d483b68) Importer(815301076,1909f56bfc062723c751e8b465ee728b)
Start importing Assets/Low Poly Mushrooms Pack/Prefabs/Mushrooms/Lactarius_big.prefab using Guid(d93fc46b09aa3494a8f07f348d483b68) Importer(815301076,1909f56bfc062723c751e8b465ee728b)  -> (artifact id: 'c7785b50c8802a2585a2bbd77da32703') in 0.073211 seconds 
========================================================================
Received Import Request.
  Time since last request: 0.000891 seconds.
  path: Assets/Low Poly Mushrooms Pack/Prefabs/Mushrooms/Macrolepiota_big.prefab
  artifactKey: Guid(7e634f608c8df244d8cd1b7b376d5bd1) Importer(815301076,1909f56bfc062723c751e8b465ee728b)
Start importing Assets/Low Poly Mushrooms Pack/Prefabs/Mushrooms/Macrolepiota_big.prefab using Guid(7e634f608c8df244d8cd1b7b376d5bd1) Importer(815301076,1909f56bfc062723c751e8b465ee728b)  -> (artifact id: 'bd1ec387fff09440d0b44d2f8aef988e') in 0.049586 seconds 
========================================================================
Received Import Request.
  Time since last request: 0.006671 seconds.
  path: Assets/Low Poly Mushrooms Pack/Prefabs/Mushrooms/Agaricus_Atramentarius_big.prefab
  artifactKey: Guid(c09214adef16a7b499172c4a8f1708db) Importer(815301076,1909f56bfc062723c751e8b465ee728b)
Start importing Assets/Low Poly Mushrooms Pack/Prefabs/Mushrooms/Agaricus_Atramentarius_big.prefab using Guid(c09214adef16a7b499172c4a8f1708db) Importer(815301076,1909f56bfc062723c751e8b465ee728b)  -> (artifact id: 'c533bc77b67b32bbbbfd6c04cd36ed4d') in 0.046700 seconds 
========================================================================
Received Import Request.
  Time since last request: 0.000105 seconds.
  path: Assets/Low Poly Mushrooms Pack/Prefabs/Mushrooms/Cantharellaceae_big.prefab
  artifactKey: Guid(e4c1bd7921f16ef46ac4a02bb2c52d5f) Importer(815301076,1909f56bfc062723c751e8b465ee728b)
Start importing Assets/Low Poly Mushrooms Pack/Prefabs/Mushrooms/Cantharellaceae_big.prefab using Guid(e4c1bd7921f16ef46ac4a02bb2c52d5f) Importer(815301076,1909f56bfc062723c751e8b465ee728b)  -> (artifact id: '3f67c90fd8496be921119165625eb032') in 0.073260 seconds 
Editor requested this worker to shutdown with reason: Scaling down because of idle timeout
AssetImportWorker is now disconnected from the server
Process exiting
Exiting without the bug reporter. Application will terminate with return code 0