Using pre-set license
Built from '2021.3/staging' branch; Version is '2021.3.5f1 (40eb3a945986) revision 4254522'; Using compiler version '192829333'; Build Type 'Release'
OS: 'Windows 11  (10.0.22631) 64bit Core' Language: 'en' Physical Memory: 10115 MB
BatchMode: 1, IsHumanControllingUs: 0, StartBugReporterOnCrash: 0, Is64bit: 1, IsPro: 1

COMMAND LINE ARGUMENTS:
D:\Unity\Unity 2021.3.5f1\Editor\Unity.exe
-adb2
-batchMode
-noUpm
-name
AssetImportWorker7
-projectPath
D:/Unity/Unity Projects/GAME 351/FinalProject-GAME351
-logFile
Logs/AssetImportWorker7.log
-srvPort
60076
Successfully changed project path to: D:/Unity/Unity Projects/GAME 351/FinalProject-GAME351
D:/Unity/Unity Projects/GAME 351/FinalProject-GAME351
[UnityMemory] Configuration Parameters - Can be set up in boot.config
    "memorysetup-bucket-allocator-granularity=16"
    "memorysetup-bucket-allocator-bucket-count=8"
    "memorysetup-bucket-allocator-block-size=33554432"
    "memorysetup-bucket-allocator-block-count=8"
    "memorysetup-main-allocator-block-size=16777216"
    "memorysetup-thread-allocator-block-size=16777216"
    "memorysetup-gfx-main-allocator-block-size=16777216"
    "memorysetup-gfx-thread-allocator-block-size=16777216"
    "memorysetup-cache-allocator-block-size=4194304"
    "memorysetup-typetree-allocator-block-size=2097152"
    "memorysetup-profiler-bucket-allocator-granularity=16"
    "memorysetup-profiler-bucket-allocator-bucket-count=8"
    "memorysetup-profiler-bucket-allocator-block-size=33554432"
    "memorysetup-profiler-bucket-allocator-block-count=8"
    "memorysetup-profiler-allocator-block-size=16777216"
    "memorysetup-profiler-editor-allocator-block-size=1048576"
    "memorysetup-temp-allocator-size-main=16777216"
    "memorysetup-job-temp-allocator-block-size=2097152"
    "memorysetup-job-temp-allocator-block-size-background=1048576"
    "memorysetup-job-temp-allocator-reduction-small-platforms=262144"
    "memorysetup-temp-allocator-size-background-worker=32768"
    "memorysetup-temp-allocator-size-job-worker=262144"
    "memorysetup-temp-allocator-size-preload-manager=33554432"
    "memorysetup-temp-allocator-size-nav-mesh-worker=65536"
    "memorysetup-temp-allocator-size-audio-worker=65536"
    "memorysetup-temp-allocator-size-cloud-worker=32768"
    "memorysetup-temp-allocator-size-gi-baking-worker=262144"
    "memorysetup-temp-allocator-size-gfx=262144"
Refreshing native plugins compatible for Editor in 610.70 ms, found 3 plugins.
Preloading 0 native plugins for Editor in 0.00 ms.
Initialize engine version: 2021.3.5f1 (40eb3a945986)
[Subsystems] Discovering subsystems at path D:/Unity/Unity 2021.3.5f1/Editor/Data/Resources/UnitySubsystems
[Subsystems] Discovering subsystems at path D:/Unity/Unity Projects/GAME 351/FinalProject-GAME351/Assets
GfxDevice: creating device client; threaded=0; jobified=0
Direct3D:
    Version:  Direct3D 11.0 [level 11.1]
    Renderer: AMD Radeon(TM) Graphics (ID=0x15d8)
    Vendor:   ATI
    VRAM:     5057 MB
    Driver:   31.0.12044.3
Initialize mono
Mono path[0] = 'D:/Unity/Unity 2021.3.5f1/Editor/Data/Managed'
Mono path[1] = 'D:/Unity/Unity 2021.3.5f1/Editor/Data/MonoBleedingEdge/lib/mono/unityjit-win32'
Mono config path = 'D:/Unity/Unity 2021.3.5f1/Editor/Data/MonoBleedingEdge/etc'
Using monoOptions --debugger-agent=transport=dt_socket,embedding=1,server=y,suspend=n,address=127.0.0.1:56396
Begin MonoManager ReloadAssembly
Registering precompiled unity dll's ...
Register platform support module: D:/Unity/Unity 2021.3.5f1/Editor/Data/PlaybackEngines/WindowsStandaloneSupport/UnityEditor.WindowsStandalone.Extensions.dll
Registered in 0.003423 seconds.
Native extension for WindowsStandalone target not found
Refreshing native plugins compatible for Editor in 170.97 ms, found 3 plugins.
Preloading 0 native plugins for Editor in 0.00 ms.
Mono: successfully reloaded assembly
- Completed reload, in  1.262 seconds
Domain Reload Profiling:
	ReloadAssembly (1262ms)
		BeginReloadAssembly (151ms)
			ExecutionOrderSort (0ms)
			DisableScriptedObjects (0ms)
			BackupInstance (0ms)
			ReleaseScriptingObjects (0ms)
			CreateAndSetChildDomain (1ms)
		EndReloadAssembly (890ms)
			LoadAssemblies (150ms)
			RebuildTransferFunctionScriptingTraits (0ms)
			SetupTypeCache (198ms)
			ReleaseScriptCaches (0ms)
			RebuildScriptCaches (57ms)
			SetupLoadedEditorAssemblies (543ms)
				LogAssemblyErrors (0ms)
				InitializePlatformSupportModulesInManaged (10ms)
				SetLoadedEditorAssemblies (0ms)
				RefreshPlugins (171ms)
				BeforeProcessingInitializeOnLoad (2ms)
				ProcessInitializeOnLoadAttributes (261ms)
				ProcessInitializeOnLoadMethodAttributes (98ms)
				AfterProcessingInitializeOnLoad (0ms)
				EditorAssembliesLoaded (0ms)
			ExecutionOrderSort2 (0ms)
			AwakeInstancesAfterBackupRestoration (0ms)
Platform modules already initialized, skipping
Registering precompiled user dll's ...
Registered in 0.006687 seconds.
Begin MonoManager ReloadAssembly
Symbol file LoadedFromMemory doesn't match image D:\Unity\Unity Projects\GAME 351\FinalProject-GAME351\Library\PackageCache\com.unity.visualscripting@1.7.8\Editor\VisualScripting.Core\Dependencies\YamlDotNet\Unity.VisualScripting.YamlDotNet.dll
Symbol file LoadedFromMemory doesn't match image D:\Unity\Unity Projects\GAME 351\FinalProject-GAME351\Library\PackageCache\com.unity.visualscripting@1.7.8\Editor\VisualScripting.Core\Dependencies\DotNetZip\Unity.VisualScripting.IonicZip.dll
Native extension for WindowsStandalone target not found
Refreshing native plugins compatible for Editor in 1.49 ms, found 3 plugins.
Preloading 0 native plugins for Editor in 0.00 ms.
Mono: successfully reloaded assembly
- Completed reload, in  2.394 seconds
Domain Reload Profiling:
	ReloadAssembly (2396ms)
		BeginReloadAssembly (247ms)
			ExecutionOrderSort (0ms)
			DisableScriptedObjects (10ms)
			BackupInstance (0ms)
			ReleaseScriptingObjects (0ms)
			CreateAndSetChildDomain (32ms)
		EndReloadAssembly (1856ms)
			LoadAssemblies (250ms)
			RebuildTransferFunctionScriptingTraits (0ms)
			SetupTypeCache (557ms)
			ReleaseScriptCaches (1ms)
			RebuildScriptCaches (133ms)
			SetupLoadedEditorAssemblies (859ms)
				LogAssemblyErrors (0ms)
				InitializePlatformSupportModulesInManaged (10ms)
				SetLoadedEditorAssemblies (1ms)
				RefreshPlugins (2ms)
				BeforeProcessingInitializeOnLoad (170ms)
				ProcessInitializeOnLoadAttributes (604ms)
				ProcessInitializeOnLoadMethodAttributes (68ms)
				AfterProcessingInitializeOnLoad (5ms)
				EditorAssembliesLoaded (1ms)
			ExecutionOrderSort2 (0ms)
			AwakeInstancesAfterBackupRestoration (15ms)
Platform modules already initialized, skipping
========================================================================
Worker process is ready to serve import requests
Launched and connected shader compiler UnityShaderCompiler.exe after 0.16 seconds
Refreshing native plugins compatible for Editor in 2.03 ms, found 3 plugins.
Preloading 0 native plugins for Editor in 0.00 ms.
Unloading 3905 Unused Serialized files (Serialized files now loaded: 0)
Unloading 38 unused Assets / (154.6 KB). Loaded Objects now: 4396.
Memory consumption went from 161.0 MB to 160.8 MB.
Total: 11.096100 ms (FindLiveObjects: 0.547400 ms CreateObjectMapping: 0.487000 ms MarkObjects: 9.785800 ms  DeleteObjects: 0.274000 ms)

AssetImportParameters requested are different than current active one (requested -> active):
  custom:video-decoder-ogg-theora: a1e56fd34408186e4bbccfd4996cb3dc -> 
  custom:container-muxer-webm: aa71ff27fc2769a1b78a27578f13a17b -> 
  custom:container-demuxer-webm: 4f35f7cbe854078d1ac9338744f61a02 -> 
  custom:video-encoder-webm-vp8: eb34c28f22e8b96e1ab97ce403110664 -> 
  custom:audio-encoder-webm-vorbis: bf7c407c2cedff20999df2af8eb42d56 -> 
  custom:framework-win-MediaFoundation: 216162199b28c13a410421893ffa2e32 -> 
  custom:container-demuxer-ogg: 62fdf1f143b41e24485cea50d1cbac27 -> 
  custom:video-decoder-webm-vp8: 9c59270c3fd7afecdb556c50c9e8de78 -> 
  custom:audio-decoder-ogg-vorbis: bf7c407c2cedff20999df2af8eb42d56 -> 
========================================================================
Received Import Request.
  Time since last request: 98036.062510 seconds.
  path: Assets/3D Stylized 小hairs/Materials/Chair 3.mat
  artifactKey: Guid(4ea91a86539cc7e41b796e52fec75b22) Importer(815301076,1909f56bfc062723c751e8b465ee728b)
Start importing Assets/3D Stylized 小hairs/Materials/Chair 3.mat using Guid(4ea91a86539cc7e41b796e52fec75b22) Importer(815301076,1909f56bfc062723c751e8b465ee728b)  -> (artifact id: '55ae4625cdf52cd1c17db14975609511') in 1.467756 seconds 
========================================================================
Received Import Request.
  Time since last request: 1.176130 seconds.
  path: Assets/3D Stylized 小hairs/Mesh/Chair 3.fbx
  artifactKey: Guid(2a61d200ab238db4881fb80fdf609bde) Importer(815301076,1909f56bfc062723c751e8b465ee728b)
Start importing Assets/3D Stylized 小hairs/Mesh/Chair 3.fbx using Guid(2a61d200ab238db4881fb80fdf609bde) Importer(815301076,1909f56bfc062723c751e8b465ee728b)  -> (artifact id: 'ff983df3fbb138b58831243575e1d0ad') in 1.590888 seconds 
========================================================================
Received Import Request.
  Time since last request: 184.441545 seconds.
  path: Assets/Low Poly Mushrooms Pack/Prefabs/Other/log2.prefab
  artifactKey: Guid(ee05d418937c05d4db62ee3dcbe18c15) Importer(815301076,1909f56bfc062723c751e8b465ee728b)
Start importing Assets/Low Poly Mushrooms Pack/Prefabs/Other/log2.prefab using Guid(ee05d418937c05d4db62ee3dcbe18c15) Importer(815301076,1909f56bfc062723c751e8b465ee728b)  -> (artifact id: 'd590b8811d1bca33a6bbd2d72c59d0d3') in 0.067552 seconds 
========================================================================
Received Import Request.
  Time since last request: 0.000050 seconds.
  path: Assets/Low Poly Mushrooms Pack/Prefabs/Other/Rock1.prefab
  artifactKey: Guid(55ee4e60eea718f45b4eaa54321017d2) Importer(815301076,1909f56bfc062723c751e8b465ee728b)
Start importing Assets/Low Poly Mushrooms Pack/Prefabs/Other/Rock1.prefab using Guid(55ee4e60eea718f45b4eaa54321017d2) Importer(815301076,1909f56bfc062723c751e8b465ee728b)  -> (artifact id: 'ea0f69cdf8c1fc85cd85ad05d6d1b12c') in 0.157790 seconds 
========================================================================
Received Import Request.
  Time since last request: 0.000051 seconds.
  path: Assets/Low Poly Mushrooms Pack/Prefabs/Other/Rock2.prefab
  artifactKey: Guid(917a537115bc0a64d905851903d135a6) Importer(815301076,1909f56bfc062723c751e8b465ee728b)
Start importing Assets/Low Poly Mushrooms Pack/Prefabs/Other/Rock2.prefab using Guid(917a537115bc0a64d905851903d135a6) Importer(815301076,1909f56bfc062723c751e8b465ee728b)  -> (artifact id: '16de1f9007e37f698cfdc02b111c71b8') in 0.071970 seconds 
========================================================================
Received Import Request.
  Time since last request: 0.000043 seconds.
  path: Assets/Low Poly Mushrooms Pack/Prefabs/Other/log3.prefab
  artifactKey: Guid(ddf3aafc4b8b7424bb15097d66b22d60) Importer(815301076,1909f56bfc062723c751e8b465ee728b)
Start importing Assets/Low Poly Mushrooms Pack/Prefabs/Other/log3.prefab using Guid(ddf3aafc4b8b7424bb15097d66b22d60) Importer(815301076,1909f56bfc062723c751e8b465ee728b)  -> (artifact id: '5a06de391eafb1e7530c44c7c92e0be9') in 0.058095 seconds 
Editor requested this worker to shutdown with reason: Scaling down because of idle timeout
AssetImportWorker is now disconnected from the server
Process exiting
Exiting without the bug reporter. Application will terminate with return code 0