Using pre-set license
Built from '2021.3/staging' branch; Version is '2021.3.5f1 (40eb3a945986) revision 4254522'; Using compiler version '192829333'; Build Type 'Release'
OS: 'Windows 11  (10.0.22631) 64bit Core' Language: 'en' Physical Memory: 10115 MB
BatchMode: 1, IsHumanControllingUs: 0, StartBugReporterOnCrash: 0, Is64bit: 1, IsPro: 1

COMMAND LINE ARGUMENTS:
D:\Unity\Unity 2021.3.5f1\Editor\Unity.exe
-adb2
-batchMode
-noUpm
-name
AssetImportWorker8
-projectPath
D:/Unity/Unity Projects/GAME 351/FinalProject-GAME351
-logFile
Logs/AssetImportWorker8.log
-srvPort
60076
Successfully changed project path to: D:/Unity/Unity Projects/GAME 351/FinalProject-GAME351
D:/Unity/Unity Projects/GAME 351/FinalProject-GAME351
[UnityMemory] Configuration Parameters - Can be set up in boot.config
    "memorysetup-bucket-allocator-granularity=16"
    "memorysetup-bucket-allocator-bucket-count=8"
    "memorysetup-bucket-allocator-block-size=33554432"
    "memorysetup-bucket-allocator-block-count=8"
    "memorysetup-main-allocator-block-size=16777216"
    "memorysetup-thread-allocator-block-size=16777216"
    "memorysetup-gfx-main-allocator-block-size=16777216"
    "memorysetup-gfx-thread-allocator-block-size=16777216"
    "memorysetup-cache-allocator-block-size=4194304"
    "memorysetup-typetree-allocator-block-size=2097152"
    "memorysetup-profiler-bucket-allocator-granularity=16"
    "memorysetup-profiler-bucket-allocator-bucket-count=8"
    "memorysetup-profiler-bucket-allocator-block-size=33554432"
    "memorysetup-profiler-bucket-allocator-block-count=8"
    "memorysetup-profiler-allocator-block-size=16777216"
    "memorysetup-profiler-editor-allocator-block-size=1048576"
    "memorysetup-temp-allocator-size-main=16777216"
    "memorysetup-job-temp-allocator-block-size=2097152"
    "memorysetup-job-temp-allocator-block-size-background=1048576"
    "memorysetup-job-temp-allocator-reduction-small-platforms=262144"
    "memorysetup-temp-allocator-size-background-worker=32768"
    "memorysetup-temp-allocator-size-job-worker=262144"
    "memorysetup-temp-allocator-size-preload-manager=33554432"
    "memorysetup-temp-allocator-size-nav-mesh-worker=65536"
    "memorysetup-temp-allocator-size-audio-worker=65536"
    "memorysetup-temp-allocator-size-cloud-worker=32768"
    "memorysetup-temp-allocator-size-gi-baking-worker=262144"
    "memorysetup-temp-allocator-size-gfx=262144"
Refreshing native plugins compatible for Editor in 212.09 ms, found 3 plugins.
Preloading 0 native plugins for Editor in 0.00 ms.
Initialize engine version: 2021.3.5f1 (40eb3a945986)
[Subsystems] Discovering subsystems at path D:/Unity/Unity 2021.3.5f1/Editor/Data/Resources/UnitySubsystems
[Subsystems] Discovering subsystems at path D:/Unity/Unity Projects/GAME 351/FinalProject-GAME351/Assets
GfxDevice: creating device client; threaded=0; jobified=0
Direct3D:
    Version:  Direct3D 11.0 [level 11.1]
    Renderer: AMD Radeon(TM) Graphics (ID=0x15d8)
    Vendor:   ATI
    VRAM:     5057 MB
    Driver:   31.0.12044.3
Initialize mono
Mono path[0] = 'D:/Unity/Unity 2021.3.5f1/Editor/Data/Managed'
Mono path[1] = 'D:/Unity/Unity 2021.3.5f1/Editor/Data/MonoBleedingEdge/lib/mono/unityjit-win32'
Mono config path = 'D:/Unity/Unity 2021.3.5f1/Editor/Data/MonoBleedingEdge/etc'
Using monoOptions --debugger-agent=transport=dt_socket,embedding=1,server=y,suspend=n,address=127.0.0.1:56908
Begin MonoManager ReloadAssembly
Registering precompiled unity dll's ...
Register platform support module: D:/Unity/Unity 2021.3.5f1/Editor/Data/PlaybackEngines/WindowsStandaloneSupport/UnityEditor.WindowsStandalone.Extensions.dll
Registered in 0.002435 seconds.
Native extension for WindowsStandalone target not found
Refreshing native plugins compatible for Editor in 218.31 ms, found 3 plugins.
Preloading 0 native plugins for Editor in 0.00 ms.
Mono: successfully reloaded assembly
- Completed reload, in  1.209 seconds
Domain Reload Profiling:
	ReloadAssembly (1209ms)
		BeginReloadAssembly (132ms)
			ExecutionOrderSort (0ms)
			DisableScriptedObjects (0ms)
			BackupInstance (0ms)
			ReleaseScriptingObjects (0ms)
			CreateAndSetChildDomain (1ms)
		EndReloadAssembly (887ms)
			LoadAssemblies (131ms)
			RebuildTransferFunctionScriptingTraits (0ms)
			SetupTypeCache (169ms)
			ReleaseScriptCaches (0ms)
			RebuildScriptCaches (58ms)
			SetupLoadedEditorAssemblies (570ms)
				LogAssemblyErrors (0ms)
				InitializePlatformSupportModulesInManaged (17ms)
				SetLoadedEditorAssemblies (0ms)
				RefreshPlugins (218ms)
				BeforeProcessingInitializeOnLoad (2ms)
				ProcessInitializeOnLoadAttributes (247ms)
				ProcessInitializeOnLoadMethodAttributes (85ms)
				AfterProcessingInitializeOnLoad (0ms)
				EditorAssembliesLoaded (1ms)
			ExecutionOrderSort2 (0ms)
			AwakeInstancesAfterBackupRestoration (0ms)
Platform modules already initialized, skipping
Registering precompiled user dll's ...
Registered in 0.009301 seconds.
Begin MonoManager ReloadAssembly
Symbol file LoadedFromMemory doesn't match image D:\Unity\Unity Projects\GAME 351\FinalProject-GAME351\Library\PackageCache\com.unity.visualscripting@1.7.8\Editor\VisualScripting.Core\Dependencies\YamlDotNet\Unity.VisualScripting.YamlDotNet.dll
Symbol file LoadedFromMemory doesn't match image D:\Unity\Unity Projects\GAME 351\FinalProject-GAME351\Library\PackageCache\com.unity.visualscripting@1.7.8\Editor\VisualScripting.Core\Dependencies\DotNetZip\Unity.VisualScripting.IonicZip.dll
Native extension for WindowsStandalone target not found
Refreshing native plugins compatible for Editor in 1.03 ms, found 3 plugins.
Preloading 0 native plugins for Editor in 0.00 ms.
Mono: successfully reloaded assembly
- Completed reload, in  2.094 seconds
Domain Reload Profiling:
	ReloadAssembly (2096ms)
		BeginReloadAssembly (221ms)
			ExecutionOrderSort (0ms)
			DisableScriptedObjects (12ms)
			BackupInstance (0ms)
			ReleaseScriptingObjects (0ms)
			CreateAndSetChildDomain (41ms)
		EndReloadAssembly (1682ms)
			LoadAssemblies (153ms)
			RebuildTransferFunctionScriptingTraits (0ms)
			SetupTypeCache (546ms)
			ReleaseScriptCaches (1ms)
			RebuildScriptCaches (121ms)
			SetupLoadedEditorAssemblies (761ms)
				LogAssemblyErrors (0ms)
				InitializePlatformSupportModulesInManaged (8ms)
				SetLoadedEditorAssemblies (1ms)
				RefreshPlugins (1ms)
				BeforeProcessingInitializeOnLoad (159ms)
				ProcessInitializeOnLoadAttributes (530ms)
				ProcessInitializeOnLoadMethodAttributes (57ms)
				AfterProcessingInitializeOnLoad (4ms)
				EditorAssembliesLoaded (0ms)
			ExecutionOrderSort2 (0ms)
			AwakeInstancesAfterBackupRestoration (10ms)
Platform modules already initialized, skipping
========================================================================
Worker process is ready to serve import requests
Launched and connected shader compiler UnityShaderCompiler.exe after 0.16 seconds
Refreshing native plugins compatible for Editor in 1.88 ms, found 3 plugins.
Preloading 0 native plugins for Editor in 0.00 ms.
Unloading 3905 Unused Serialized files (Serialized files now loaded: 0)
Unloading 38 unused Assets / (154.6 KB). Loaded Objects now: 4396.
Memory consumption went from 160.9 MB to 160.7 MB.
Total: 8.955100 ms (FindLiveObjects: 0.715700 ms CreateObjectMapping: 1.204400 ms MarkObjects: 6.823100 ms  DeleteObjects: 0.210000 ms)

AssetImportParameters requested are different than current active one (requested -> active):
  custom:video-decoder-ogg-theora: a1e56fd34408186e4bbccfd4996cb3dc -> 
  custom:container-muxer-webm: aa71ff27fc2769a1b78a27578f13a17b -> 
  custom:container-demuxer-webm: 4f35f7cbe854078d1ac9338744f61a02 -> 
  custom:video-encoder-webm-vp8: eb34c28f22e8b96e1ab97ce403110664 -> 
  custom:audio-encoder-webm-vorbis: bf7c407c2cedff20999df2af8eb42d56 -> 
  custom:framework-win-MediaFoundation: 216162199b28c13a410421893ffa2e32 -> 
  custom:container-demuxer-ogg: 62fdf1f143b41e24485cea50d1cbac27 -> 
  custom:video-decoder-webm-vp8: 9c59270c3fd7afecdb556c50c9e8de78 -> 
  custom:audio-decoder-ogg-vorbis: bf7c407c2cedff20999df2af8eb42d56 -> 
========================================================================
Received Import Request.
  Time since last request: 98384.954954 seconds.
  path: Assets/Imports/Characters/Robot_Soldier/Prefabs/Robot_Soldier_Red.prefab
  artifactKey: Guid(08f5427fe0d15ad47a5a1bb70b6156c7) Importer(815301076,1909f56bfc062723c751e8b465ee728b)
Start importing Assets/Imports/Characters/Robot_Soldier/Prefabs/Robot_Soldier_Red.prefab using Guid(08f5427fe0d15ad47a5a1bb70b6156c7) Importer(815301076,1909f56bfc062723c751e8b465ee728b)  -> (artifact id: 'cd7638c202279de315ac98c37a09eefa') in 1.776714 seconds 
========================================================================
Received Prepare
Registering precompiled user dll's ...
Registered in 0.006021 seconds.
Begin MonoManager ReloadAssembly
Symbol file LoadedFromMemory doesn't match image D:\Unity\Unity Projects\GAME 351\FinalProject-GAME351\Library\PackageCache\com.unity.visualscripting@1.7.8\Editor\VisualScripting.Core\Dependencies\YamlDotNet\Unity.VisualScripting.YamlDotNet.dll
Symbol file LoadedFromMemory doesn't match image D:\Unity\Unity Projects\GAME 351\FinalProject-GAME351\Library\PackageCache\com.unity.visualscripting@1.7.8\Editor\VisualScripting.Core\Dependencies\DotNetZip\Unity.VisualScripting.IonicZip.dll
Native extension for WindowsStandalone target not found
Refreshing native plugins compatible for Editor in 1.60 ms, found 3 plugins.
Preloading 0 native plugins for Editor in 0.00 ms.
Mono: successfully reloaded assembly
- Completed reload, in  2.195 seconds
Domain Reload Profiling:
	ReloadAssembly (2196ms)
		BeginReloadAssembly (251ms)
			ExecutionOrderSort (0ms)
			DisableScriptedObjects (9ms)
			BackupInstance (0ms)
			ReleaseScriptingObjects (0ms)
			CreateAndSetChildDomain (61ms)
		EndReloadAssembly (1762ms)
			LoadAssemblies (176ms)
			RebuildTransferFunctionScriptingTraits (0ms)
			SetupTypeCache (508ms)
			ReleaseScriptCaches (3ms)
			RebuildScriptCaches (104ms)
			SetupLoadedEditorAssemblies (899ms)
				LogAssemblyErrors (0ms)
				InitializePlatformSupportModulesInManaged (19ms)
				SetLoadedEditorAssemblies (1ms)
				RefreshPlugins (2ms)
				BeforeProcessingInitializeOnLoad (121ms)
				ProcessInitializeOnLoadAttributes (664ms)
				ProcessInitializeOnLoadMethodAttributes (86ms)
				AfterProcessingInitializeOnLoad (5ms)
				EditorAssembliesLoaded (1ms)
			ExecutionOrderSort2 (0ms)
			AwakeInstancesAfterBackupRestoration (18ms)
Platform modules already initialized, skipping
Refreshing native plugins compatible for Editor in 3.94 ms, found 3 plugins.
Preloading 0 native plugins for Editor in 0.00 ms.
Unloading 3880 Unused Serialized files (Serialized files now loaded: 0)
Unloading 20 unused Assets / (155.7 KB). Loaded Objects now: 4419.
Memory consumption went from 175.7 MB to 175.5 MB.
Total: 7.677600 ms (FindLiveObjects: 0.513400 ms CreateObjectMapping: 0.240800 ms MarkObjects: 6.678200 ms  DeleteObjects: 0.243400 ms)

AssetImportParameters requested are different than current active one (requested -> active):
  custom:video-decoder-ogg-theora: a1e56fd34408186e4bbccfd4996cb3dc -> 
  custom:container-muxer-webm: aa71ff27fc2769a1b78a27578f13a17b -> 
  custom:container-demuxer-webm: 4f35f7cbe854078d1ac9338744f61a02 -> 
  custom:video-encoder-webm-vp8: eb34c28f22e8b96e1ab97ce403110664 -> 
  custom:audio-encoder-webm-vorbis: bf7c407c2cedff20999df2af8eb42d56 -> 
  custom:framework-win-MediaFoundation: 216162199b28c13a410421893ffa2e32 -> 
  custom:container-demuxer-ogg: 62fdf1f143b41e24485cea50d1cbac27 -> 
  custom:video-decoder-webm-vp8: 9c59270c3fd7afecdb556c50c9e8de78 -> 
  custom:audio-decoder-ogg-vorbis: bf7c407c2cedff20999df2af8eb42d56 -> 
========================================================================
Received Import Request.
  Time since last request: 475.998231 seconds.
  path: Assets/TinyFire VFX/Prefabs/TinyFire/TinyFire_Poison.prefab
  artifactKey: Guid(2dd612cce829d624c9897073b85ead2f) Importer(815301076,1909f56bfc062723c751e8b465ee728b)
Start importing Assets/TinyFire VFX/Prefabs/TinyFire/TinyFire_Poison.prefab using Guid(2dd612cce829d624c9897073b85ead2f) Importer(815301076,1909f56bfc062723c751e8b465ee728b)  -> (artifact id: '0be3b1e5880248c605e196e27f902d08') in 0.526989 seconds 
========================================================================
Received Import Request.
  Time since last request: 0.000048 seconds.
  path: Assets/TinyFire VFX/Prefabs/TinyFire/TinyFire5_Chaos.prefab
  artifactKey: Guid(95ac769aad76e4841a39786fa2a5bad6) Importer(815301076,1909f56bfc062723c751e8b465ee728b)
Start importing Assets/TinyFire VFX/Prefabs/TinyFire/TinyFire5_Chaos.prefab using Guid(95ac769aad76e4841a39786fa2a5bad6) Importer(815301076,1909f56bfc062723c751e8b465ee728b)  -> (artifact id: '64a98478e7d3d44c07a40473b337f461') in 0.059731 seconds 
========================================================================
Received Import Request.
  Time since last request: 0.000063 seconds.
  path: Assets/Nature Sound FX/Fire/Flame (4).wav
  artifactKey: Guid(517177f59d3e2a6428c51f4ef4050843) Importer(815301076,1909f56bfc062723c751e8b465ee728b)
Start importing Assets/Nature Sound FX/Fire/Flame (4).wav using Guid(517177f59d3e2a6428c51f4ef4050843) Importer(815301076,1909f56bfc062723c751e8b465ee728b)  -> (artifact id: '1c2e703bb71a21ed8ce017004baccec8') in 0.716870 seconds 
========================================================================
Received Import Request.
  Time since last request: 0.000043 seconds.
  path: Assets/Nature Sound FX/Fire/Flame (2).wav
  artifactKey: Guid(3d85f3f4d22494a4daf59562cdaeb222) Importer(815301076,1909f56bfc062723c751e8b465ee728b)
Start importing Assets/Nature Sound FX/Fire/Flame (2).wav using Guid(3d85f3f4d22494a4daf59562cdaeb222) Importer(815301076,1909f56bfc062723c751e8b465ee728b)  -> (artifact id: 'c8698da50a9ddeb96bc6283fb141f3ef') in 0.110834 seconds 
========================================================================
Received Import Request.
  Time since last request: 0.000058 seconds.
  path: Assets/Nature Sound FX/Fire/Flame (6).wav
  artifactKey: Guid(d1c5154f07d50614b948c37e1e86b7f6) Importer(815301076,1909f56bfc062723c751e8b465ee728b)
Start importing Assets/Nature Sound FX/Fire/Flame (6).wav using Guid(d1c5154f07d50614b948c37e1e86b7f6) Importer(815301076,1909f56bfc062723c751e8b465ee728b)  -> (artifact id: '91defb9b22047bf976b5503f4c0411e4') in 0.376805 seconds 
========================================================================
Received Import Request.
  Time since last request: 0.002202 seconds.
  path: Assets/Nature Sound FX/Fire/Fire (4) Loop.wav
  artifactKey: Guid(f0e080bf2a212bc4ba9e09b27c42714b) Importer(815301076,1909f56bfc062723c751e8b465ee728b)
Start importing Assets/Nature Sound FX/Fire/Fire (4) Loop.wav using Guid(f0e080bf2a212bc4ba9e09b27c42714b) Importer(815301076,1909f56bfc062723c751e8b465ee728b)  -> (artifact id: '02dce957dd8b0aadfe19a7d83612c98d') in 0.090417 seconds 
========================================================================
Received Import Request.
  Time since last request: 0.000041 seconds.
  path: Assets/TinyFire VFX/Prefabs/TinyFire/TinyFire3_Strong.prefab
  artifactKey: Guid(dbb43018d5aa7a94c8b6e3de5401eabc) Importer(815301076,1909f56bfc062723c751e8b465ee728b)
Start importing Assets/TinyFire VFX/Prefabs/TinyFire/TinyFire3_Strong.prefab using Guid(dbb43018d5aa7a94c8b6e3de5401eabc) Importer(815301076,1909f56bfc062723c751e8b465ee728b)  -> (artifact id: '53d77088f10d0dcec9c10a21a3d20c66') in 0.065213 seconds 
========================================================================
Received Import Request.
  Time since last request: 0.000060 seconds.
  path: Assets/TinyFire VFX/Prefabs/TinyFire/TinyFire4_Poison.prefab
  artifactKey: Guid(b3773ccca8d7d774c9bf326cb52a5d50) Importer(815301076,1909f56bfc062723c751e8b465ee728b)
Start importing Assets/TinyFire VFX/Prefabs/TinyFire/TinyFire4_Poison.prefab using Guid(b3773ccca8d7d774c9bf326cb52a5d50) Importer(815301076,1909f56bfc062723c751e8b465ee728b)  -> (artifact id: '4cc6ff3eaf38092812f6f60bc318899c') in 0.040034 seconds 
========================================================================
Received Import Request.
  Time since last request: 0.000058 seconds.
  path: Assets/TinyFire VFX/Prefabs/TinyFire/TinyFire4_Darkness.prefab
  artifactKey: Guid(feded0465999c1548bda62e4c1777240) Importer(815301076,1909f56bfc062723c751e8b465ee728b)
Start importing Assets/TinyFire VFX/Prefabs/TinyFire/TinyFire4_Darkness.prefab using Guid(feded0465999c1548bda62e4c1777240) Importer(815301076,1909f56bfc062723c751e8b465ee728b)  -> (artifact id: 'b7fc7bfa74a13b0640457ed361f48a41') in 0.034061 seconds 
========================================================================
Received Import Request.
  Time since last request: 0.007332 seconds.
  path: Assets/TinyFire VFX/Prefabs/TinyFire/TinyFire3_Chaos.prefab
  artifactKey: Guid(c94ca14725391464789de4e88007608c) Importer(815301076,1909f56bfc062723c751e8b465ee728b)
Start importing Assets/TinyFire VFX/Prefabs/TinyFire/TinyFire3_Chaos.prefab using Guid(c94ca14725391464789de4e88007608c) Importer(815301076,1909f56bfc062723c751e8b465ee728b)  -> (artifact id: '654a57261459a8772a10dea2f3fdfae1') in 0.094570 seconds 
========================================================================
Received Import Request.
  Time since last request: 0.000044 seconds.
  path: Assets/Nature Sound FX/Fire/Flame (8).wav
  artifactKey: Guid(e723fde7ffa95ef4c9a263d193752bef) Importer(815301076,1909f56bfc062723c751e8b465ee728b)
Start importing Assets/Nature Sound FX/Fire/Flame (8).wav using Guid(e723fde7ffa95ef4c9a263d193752bef) Importer(815301076,1909f56bfc062723c751e8b465ee728b)  -> (artifact id: '68b5d6b460d60980c59784376ebb8075') in 0.097983 seconds 
========================================================================
Received Import Request.
  Time since last request: 0.000246 seconds.
  path: Assets/TinyFire VFX/Prefabs/TinyFire/TinyFire5_Poison.prefab
  artifactKey: Guid(5e29a2120ef49e248bb0b0e7084dfef1) Importer(815301076,1909f56bfc062723c751e8b465ee728b)
Start importing Assets/TinyFire VFX/Prefabs/TinyFire/TinyFire5_Poison.prefab using Guid(5e29a2120ef49e248bb0b0e7084dfef1) Importer(815301076,1909f56bfc062723c751e8b465ee728b)  -> (artifact id: '9e104efa863dd25d2315dba52d4da7bd') in 0.075126 seconds 
========================================================================
Received Import Request.
  Time since last request: 0.000145 seconds.
  path: Assets/Nature Sound FX/Fire/Fire (3) Loop.wav
  artifactKey: Guid(8d97fd5d1ab1a414f85bf0d270312403) Importer(815301076,1909f56bfc062723c751e8b465ee728b)
Start importing Assets/Nature Sound FX/Fire/Fire (3) Loop.wav using Guid(8d97fd5d1ab1a414f85bf0d270312403) Importer(815301076,1909f56bfc062723c751e8b465ee728b)  -> (artifact id: '4866ba008d4cf8e207a996cf17695387') in 0.096583 seconds 
========================================================================
Received Import Request.
  Time since last request: 0.000046 seconds.
  path: Assets/Nature Sound FX/Fire/Fire (1) Loop.wav
  artifactKey: Guid(8fff534c015b12f40b5525049fa47eba) Importer(815301076,1909f56bfc062723c751e8b465ee728b)
Start importing Assets/Nature Sound FX/Fire/Fire (1) Loop.wav using Guid(8fff534c015b12f40b5525049fa47eba) Importer(815301076,1909f56bfc062723c751e8b465ee728b)  -> (artifact id: '3e1d6636cb5afc3870b1d0185bb7edbd') in 0.089202 seconds 
========================================================================
Received Import Request.
  Time since last request: 0.000057 seconds.
  path: Assets/TinyFire VFX/Prefabs/TinyFire/TinyFire3.prefab
  artifactKey: Guid(9d14d7de57db61f41835c680bbfa27cb) Importer(815301076,1909f56bfc062723c751e8b465ee728b)
Start importing Assets/TinyFire VFX/Prefabs/TinyFire/TinyFire3.prefab using Guid(9d14d7de57db61f41835c680bbfa27cb) Importer(815301076,1909f56bfc062723c751e8b465ee728b)  -> (artifact id: 'fbc8fcf30ca60de522e56926dfe65a6d') in 0.084840 seconds 
========================================================================
Received Import Request.
  Time since last request: 0.602784 seconds.
  path: Assets/Nature Sound FX/Fire/Flame (3).wav
  artifactKey: Guid(b0f4079c971763c4487864989e212917) Importer(815301076,1909f56bfc062723c751e8b465ee728b)
Start importing Assets/Nature Sound FX/Fire/Flame (3).wav using Guid(b0f4079c971763c4487864989e212917) Importer(815301076,1909f56bfc062723c751e8b465ee728b)  -> (artifact id: '6ccd1c134acebc196c664b6b8d48a83b') in 0.278063 seconds 
========================================================================
Received Import Request.
  Time since last request: 0.000060 seconds.
  path: Assets/TinyFire VFX/Prefabs/TinyFire/TinyFire3_Poison.prefab
  artifactKey: Guid(fc69ccf3f7f124548ae8d6c7ef37bace) Importer(815301076,1909f56bfc062723c751e8b465ee728b)
Start importing Assets/TinyFire VFX/Prefabs/TinyFire/TinyFire3_Poison.prefab using Guid(fc69ccf3f7f124548ae8d6c7ef37bace) Importer(815301076,1909f56bfc062723c751e8b465ee728b)  -> (artifact id: 'cb53b7a262a6067d7ff640631f453b3b') in 0.082742 seconds 
========================================================================
Received Import Request.
  Time since last request: 0.000072 seconds.
  path: Assets/Nature Sound FX/Fire/Flame (9).wav
  artifactKey: Guid(25c7c0919d42a6d4f840e590e9779379) Importer(815301076,1909f56bfc062723c751e8b465ee728b)
Start importing Assets/Nature Sound FX/Fire/Flame (9).wav using Guid(25c7c0919d42a6d4f840e590e9779379) Importer(815301076,1909f56bfc062723c751e8b465ee728b)  -> (artifact id: 'edd075f43a896f0cc9a96ed9698c7aec') in 0.067701 seconds 
========================================================================
Received Import Request.
  Time since last request: 0.000108 seconds.
  path: Assets/Nature Sound FX/Fire/Fire (5) Loop.wav
  artifactKey: Guid(0fd10244b77d12c49b736fcb75ab559d) Importer(815301076,1909f56bfc062723c751e8b465ee728b)
Start importing Assets/Nature Sound FX/Fire/Fire (5) Loop.wav using Guid(0fd10244b77d12c49b736fcb75ab559d) Importer(815301076,1909f56bfc062723c751e8b465ee728b)  -> (artifact id: 'b3a9f9fb29a78ac36b59cb8cd5699aee') in 0.062494 seconds 
========================================================================
Received Import Request.
  Time since last request: 0.000040 seconds.
  path: Assets/TinyFire VFX/Prefabs/TinyFire/TinyFire3_Darkness.prefab
  artifactKey: Guid(9217078230ed7494c9380d30e2eec722) Importer(815301076,1909f56bfc062723c751e8b465ee728b)
Start importing Assets/TinyFire VFX/Prefabs/TinyFire/TinyFire3_Darkness.prefab using Guid(9217078230ed7494c9380d30e2eec722) Importer(815301076,1909f56bfc062723c751e8b465ee728b)  -> (artifact id: 'c9d1667df2c66016b42603efc35973c6') in 0.039424 seconds 
========================================================================
Received Import Request.
  Time since last request: 0.000046 seconds.
  path: Assets/TinyFire VFX/Prefabs/TinyFire
  artifactKey: Guid(904e76c73de77744ab5b8d96cb10ea84) Importer(815301076,1909f56bfc062723c751e8b465ee728b)
Start importing Assets/TinyFire VFX/Prefabs/TinyFire using Guid(904e76c73de77744ab5b8d96cb10ea84) Importer(815301076,1909f56bfc062723c751e8b465ee728b)  -> (artifact id: '6e4f6dde5f5dfc9b44f36e646845c384') in 0.004533 seconds 
Editor requested this worker to shutdown with reason: Scaling down because of idle timeout
AssetImportWorkerClient::OnTransportError - code=2 error=End of file
AssetImportWorker is now disconnected from the server
Process exiting
Exiting without the bug reporter. Application will terminate with return code 0