Using pre-set license
Built from '2021.3/staging' branch; Version is '2021.3.5f1 (40eb3a945986) revision 4254522'; Using compiler version '192829333'; Build Type 'Release'
OS: 'Windows 11  (10.0.22631) 64bit Core' Language: 'en' Physical Memory: 10115 MB
BatchMode: 1, IsHumanControllingUs: 0, StartBugReporterOnCrash: 0, Is64bit: 1, IsPro: 1

COMMAND LINE ARGUMENTS:
D:\Unity\Unity 2021.3.5f1\Editor\Unity.exe
-adb2
-batchMode
-noUpm
-name
AssetImportWorker1
-projectPath
D:/Unity/Unity Projects/GAME 351/FinalProject-GAME351
-logFile
Logs/AssetImportWorker1.log
-srvPort
57275
Successfully changed project path to: D:/Unity/Unity Projects/GAME 351/FinalProject-GAME351
D:/Unity/Unity Projects/GAME 351/FinalProject-GAME351
[UnityMemory] Configuration Parameters - Can be set up in boot.config
    "memorysetup-bucket-allocator-granularity=16"
    "memorysetup-bucket-allocator-bucket-count=8"
    "memorysetup-bucket-allocator-block-size=33554432"
    "memorysetup-bucket-allocator-block-count=8"
    "memorysetup-main-allocator-block-size=16777216"
    "memorysetup-thread-allocator-block-size=16777216"
    "memorysetup-gfx-main-allocator-block-size=16777216"
    "memorysetup-gfx-thread-allocator-block-size=16777216"
    "memorysetup-cache-allocator-block-size=4194304"
    "memorysetup-typetree-allocator-block-size=2097152"
    "memorysetup-profiler-bucket-allocator-granularity=16"
    "memorysetup-profiler-bucket-allocator-bucket-count=8"
    "memorysetup-profiler-bucket-allocator-block-size=33554432"
    "memorysetup-profiler-bucket-allocator-block-count=8"
    "memorysetup-profiler-allocator-block-size=16777216"
    "memorysetup-profiler-editor-allocator-block-size=1048576"
    "memorysetup-temp-allocator-size-main=16777216"
    "memorysetup-job-temp-allocator-block-size=2097152"
    "memorysetup-job-temp-allocator-block-size-background=1048576"
    "memorysetup-job-temp-allocator-reduction-small-platforms=262144"
    "memorysetup-temp-allocator-size-background-worker=32768"
    "memorysetup-temp-allocator-size-job-worker=262144"
    "memorysetup-temp-allocator-size-preload-manager=33554432"
    "memorysetup-temp-allocator-size-nav-mesh-worker=65536"
    "memorysetup-temp-allocator-size-audio-worker=65536"
    "memorysetup-temp-allocator-size-cloud-worker=32768"
    "memorysetup-temp-allocator-size-gi-baking-worker=262144"
    "memorysetup-temp-allocator-size-gfx=262144"
Refreshing native plugins compatible for Editor in 186.01 ms, found 3 plugins.
Preloading 0 native plugins for Editor in 0.00 ms.
Initialize engine version: 2021.3.5f1 (40eb3a945986)
[Subsystems] Discovering subsystems at path D:/Unity/Unity 2021.3.5f1/Editor/Data/Resources/UnitySubsystems
[Subsystems] Discovering subsystems at path D:/Unity/Unity Projects/GAME 351/FinalProject-GAME351/Assets
GfxDevice: creating device client; threaded=0; jobified=0
Direct3D:
    Version:  Direct3D 11.0 [level 11.1]
    Renderer: AMD Radeon(TM) Graphics (ID=0x15d8)
    Vendor:   ATI
    VRAM:     5057 MB
    Driver:   31.0.12044.3
Initialize mono
Mono path[0] = 'D:/Unity/Unity 2021.3.5f1/Editor/Data/Managed'
Mono path[1] = 'D:/Unity/Unity 2021.3.5f1/Editor/Data/MonoBleedingEdge/lib/mono/unityjit-win32'
Mono config path = 'D:/Unity/Unity 2021.3.5f1/Editor/Data/MonoBleedingEdge/etc'
Using monoOptions --debugger-agent=transport=dt_socket,embedding=1,server=y,suspend=n,address=127.0.0.1:56176
Begin MonoManager ReloadAssembly
Registering precompiled unity dll's ...
Register platform support module: D:/Unity/Unity 2021.3.5f1/Editor/Data/PlaybackEngines/WindowsStandaloneSupport/UnityEditor.WindowsStandalone.Extensions.dll
Registered in 0.002096 seconds.
Native extension for WindowsStandalone target not found
Refreshing native plugins compatible for Editor in 199.47 ms, found 3 plugins.
Preloading 0 native plugins for Editor in 0.00 ms.
Mono: successfully reloaded assembly
- Completed reload, in  1.242 seconds
Domain Reload Profiling:
	ReloadAssembly (1242ms)
		BeginReloadAssembly (119ms)
			ExecutionOrderSort (0ms)
			DisableScriptedObjects (0ms)
			BackupInstance (0ms)
			ReleaseScriptingObjects (0ms)
			CreateAndSetChildDomain (1ms)
		EndReloadAssembly (974ms)
			LoadAssemblies (117ms)
			RebuildTransferFunctionScriptingTraits (0ms)
			SetupTypeCache (161ms)
			ReleaseScriptCaches (0ms)
			RebuildScriptCaches (53ms)
			SetupLoadedEditorAssemblies (675ms)
				LogAssemblyErrors (0ms)
				InitializePlatformSupportModulesInManaged (163ms)
				SetLoadedEditorAssemblies (2ms)
				RefreshPlugins (200ms)
				BeforeProcessingInitializeOnLoad (6ms)
				ProcessInitializeOnLoadAttributes (214ms)
				ProcessInitializeOnLoadMethodAttributes (91ms)
				AfterProcessingInitializeOnLoad (0ms)
				EditorAssembliesLoaded (0ms)
			ExecutionOrderSort2 (0ms)
			AwakeInstancesAfterBackupRestoration (0ms)
Platform modules already initialized, skipping
Registering precompiled user dll's ...
Registered in 0.005190 seconds.
Begin MonoManager ReloadAssembly
Symbol file LoadedFromMemory doesn't match image D:\Unity\Unity Projects\GAME 351\FinalProject-GAME351\Library\PackageCache\com.unity.visualscripting@1.7.8\Editor\VisualScripting.Core\Dependencies\YamlDotNet\Unity.VisualScripting.YamlDotNet.dll
Symbol file LoadedFromMemory doesn't match image D:\Unity\Unity Projects\GAME 351\FinalProject-GAME351\Library\PackageCache\com.unity.visualscripting@1.7.8\Editor\VisualScripting.Core\Dependencies\DotNetZip\Unity.VisualScripting.IonicZip.dll
Native extension for WindowsStandalone target not found
Refreshing native plugins compatible for Editor in 1.26 ms, found 3 plugins.
Preloading 0 native plugins for Editor in 0.00 ms.
Mono: successfully reloaded assembly
- Completed reload, in  1.327 seconds
Domain Reload Profiling:
	ReloadAssembly (1328ms)
		BeginReloadAssembly (150ms)
			ExecutionOrderSort (0ms)
			DisableScriptedObjects (10ms)
			BackupInstance (0ms)
			ReleaseScriptingObjects (0ms)
			CreateAndSetChildDomain (24ms)
		EndReloadAssembly (1001ms)
			LoadAssemblies (118ms)
			RebuildTransferFunctionScriptingTraits (0ms)
			SetupTypeCache (441ms)
			ReleaseScriptCaches (1ms)
			RebuildScriptCaches (52ms)
			SetupLoadedEditorAssemblies (312ms)
				LogAssemblyErrors (0ms)
				InitializePlatformSupportModulesInManaged (8ms)
				SetLoadedEditorAssemblies (1ms)
				RefreshPlugins (1ms)
				BeforeProcessingInitializeOnLoad (136ms)
				ProcessInitializeOnLoadAttributes (135ms)
				ProcessInitializeOnLoadMethodAttributes (28ms)
				AfterProcessingInitializeOnLoad (3ms)
				EditorAssembliesLoaded (0ms)
			ExecutionOrderSort2 (0ms)
			AwakeInstancesAfterBackupRestoration (11ms)
Platform modules already initialized, skipping
========================================================================
Worker process is ready to serve import requests
Launched and connected shader compiler UnityShaderCompiler.exe after 0.17 seconds
Refreshing native plugins compatible for Editor in 1.76 ms, found 3 plugins.
Preloading 0 native plugins for Editor in 0.00 ms.
Unloading 3909 Unused Serialized files (Serialized files now loaded: 0)
Unloading 21 unused Assets / (147.5 KB). Loaded Objects now: 4394.
Memory consumption went from 159.1 MB to 158.9 MB.
Total: 13.673500 ms (FindLiveObjects: 0.525700 ms CreateObjectMapping: 0.659700 ms MarkObjects: 12.141100 ms  DeleteObjects: 0.345200 ms)

AssetImportParameters requested are different than current active one (requested -> active):
  custom:video-decoder-ogg-theora: a1e56fd34408186e4bbccfd4996cb3dc -> 
  custom:container-muxer-webm: aa71ff27fc2769a1b78a27578f13a17b -> 
  custom:container-demuxer-webm: 4f35f7cbe854078d1ac9338744f61a02 -> 
  custom:video-encoder-webm-vp8: eb34c28f22e8b96e1ab97ce403110664 -> 
  custom:audio-encoder-webm-vorbis: bf7c407c2cedff20999df2af8eb42d56 -> 
  custom:framework-win-MediaFoundation: 216162199b28c13a410421893ffa2e32 -> 
  custom:container-demuxer-ogg: 62fdf1f143b41e24485cea50d1cbac27 -> 
  custom:video-decoder-webm-vp8: 9c59270c3fd7afecdb556c50c9e8de78 -> 
  custom:audio-decoder-ogg-vorbis: bf7c407c2cedff20999df2af8eb42d56 -> 
========================================================================
Received Import Request.
  Time since last request: 48409.446141 seconds.
  path: Assets/fireSound.cs
  artifactKey: Guid(93c3fff48ca8cb74d88ea271dd2f7660) Importer(815301076,1909f56bfc062723c751e8b465ee728b)
Start importing Assets/fireSound.cs using Guid(93c3fff48ca8cb74d88ea271dd2f7660) Importer(815301076,1909f56bfc062723c751e8b465ee728b)  -> (artifact id: '9b296bd2a2692f8cb9205360b1582d3c') in 0.049677 seconds 
========================================================================
Received Import Request.
  Time since last request: 9.446780 seconds.
  path: Assets/fireSound.cs
  artifactKey: Guid(93c3fff48ca8cb74d88ea271dd2f7660) Importer(815301076,1909f56bfc062723c751e8b465ee728b)
Start importing Assets/fireSound.cs using Guid(93c3fff48ca8cb74d88ea271dd2f7660) Importer(815301076,1909f56bfc062723c751e8b465ee728b)  -> (artifact id: '8f876131506191bd07159b05d0159425') in 0.027834 seconds 
========================================================================
Received Import Request.
  Time since last request: 174.016950 seconds.
  path: Assets/fireSound.cs
  artifactKey: Guid(93c3fff48ca8cb74d88ea271dd2f7660) Importer(815301076,1909f56bfc062723c751e8b465ee728b)
Start importing Assets/fireSound.cs using Guid(93c3fff48ca8cb74d88ea271dd2f7660) Importer(815301076,1909f56bfc062723c751e8b465ee728b)  -> (artifact id: '4ad943d2b05f7ee27f88814e518bedec') in 0.008738 seconds 
========================================================================
Received Import Request.
  Time since last request: 24.741757 seconds.
  path: Assets/Scripts/CharacterMovement.cs
  artifactKey: Guid(20a30f88ed0d0a1489ec3059e47ce123) Importer(815301076,1909f56bfc062723c751e8b465ee728b)
Start importing Assets/Scripts/CharacterMovement.cs using Guid(20a30f88ed0d0a1489ec3059e47ce123) Importer(815301076,1909f56bfc062723c751e8b465ee728b)  -> (artifact id: '50ad5768eb8ba7b25ed3c57115cdd5c3') in 0.015237 seconds 
========================================================================
Received Import Request.
  Time since last request: 662.659831 seconds.
  path: Assets/3D Stylized Сhairs/textur/Chair2/Albedo Chair2.png
  artifactKey: Guid(3fe50d6f36f9b6f46ab099b524c5a9d5) Importer(815301076,1909f56bfc062723c751e8b465ee728b)
Start importing Assets/3D Stylized Сhairs/textur/Chair2/Albedo Chair2.png using Guid(3fe50d6f36f9b6f46ab099b524c5a9d5) Importer(815301076,1909f56bfc062723c751e8b465ee728b)  -> (artifact id: 'e2488171b50cbec9fb89198db5132120') in 0.710593 seconds 
========================================================================
Received Import Request.
  Time since last request: 0.000070 seconds.
  path: Assets/3D Stylized Сhairs/textur/Chair3/AO  Chair3.png
  artifactKey: Guid(e153be88faa8c9b40ad9ba11f690d264) Importer(815301076,1909f56bfc062723c751e8b465ee728b)
Start importing Assets/3D Stylized Сhairs/textur/Chair3/AO  Chair3.png using Guid(e153be88faa8c9b40ad9ba11f690d264) Importer(815301076,1909f56bfc062723c751e8b465ee728b)  -> (artifact id: '50e661c0d1820404a7740b6613c88b81') in 0.130930 seconds 
========================================================================
Received Import Request.
  Time since last request: 0.000189 seconds.
  path: Assets/3D Stylized Сhairs/textur/Chair5/AO Chair5.png
  artifactKey: Guid(5fd8065ef3722a54eb1075dca2bac7cc) Importer(815301076,1909f56bfc062723c751e8b465ee728b)
Start importing Assets/3D Stylized Сhairs/textur/Chair5/AO Chair5.png using Guid(5fd8065ef3722a54eb1075dca2bac7cc) Importer(815301076,1909f56bfc062723c751e8b465ee728b)  -> (artifact id: 'cde38c3ec983e5f7004349f8dd2f8f38') in 0.096628 seconds 
========================================================================
Received Import Request.
  Time since last request: 0.000059 seconds.
  path: Assets/Imports/Environment/BrokenVector/LowPolyTreePack/Textures/Colorsheet Tree Cold.png
  artifactKey: Guid(ed297eb21cb5e5e4188600ba2d272554) Importer(815301076,1909f56bfc062723c751e8b465ee728b)
Start importing Assets/Imports/Environment/BrokenVector/LowPolyTreePack/Textures/Colorsheet Tree Cold.png using Guid(ed297eb21cb5e5e4188600ba2d272554) Importer(815301076,1909f56bfc062723c751e8b465ee728b)  -> (artifact id: '4fc47d2b61651ddf282f8eb6b9dba8fb') in 0.063204 seconds 
========================================================================
Received Import Request.
  Time since last request: 0.000051 seconds.
  path: Assets/Low Poly Mushrooms Pack/Fbx/Amanita_Phalloides_little.fbx
  artifactKey: Guid(9479f459eb0b06344a497f029795fcff) Importer(815301076,1909f56bfc062723c751e8b465ee728b)
Start importing Assets/Low Poly Mushrooms Pack/Fbx/Amanita_Phalloides_little.fbx using Guid(9479f459eb0b06344a497f029795fcff) Importer(815301076,1909f56bfc062723c751e8b465ee728b)  -> (artifact id: '0651e18f2e9b20d2432aacfbcd8d8dc2') in 0.952660 seconds 
========================================================================
Received Import Request.
  Time since last request: 0.000059 seconds.
  path: Assets/3D Stylized Сhairs/textur/Chair5/Albedo Chair5.png
  artifactKey: Guid(e193724965230034bbe16197f16ec851) Importer(815301076,1909f56bfc062723c751e8b465ee728b)
Start importing Assets/3D Stylized Сhairs/textur/Chair5/Albedo Chair5.png using Guid(e193724965230034bbe16197f16ec851) Importer(815301076,1909f56bfc062723c751e8b465ee728b)  -> (artifact id: '5cbdab485cc74f0fb328aee1e698defa') in 0.116778 seconds 
========================================================================
Received Import Request.
  Time since last request: 0.000041 seconds.
  path: Assets/Low Poly Mushrooms Pack/Fbx/Amanita_Phalloides_big.fbx
  artifactKey: Guid(3556889de0ab4e74b94bb6d33065df03) Importer(815301076,1909f56bfc062723c751e8b465ee728b)
Start importing Assets/Low Poly Mushrooms Pack/Fbx/Amanita_Phalloides_big.fbx using Guid(3556889de0ab4e74b94bb6d33065df03) Importer(815301076,1909f56bfc062723c751e8b465ee728b)  -> (artifact id: 'c7bd275f572e7835f864deafc4f50301') in 0.107727 seconds 
========================================================================
Received Import Request.
  Time since last request: 0.000035 seconds.
  path: Assets/Imports/Characters/EnemyRobots/Textures/CannonMachine/Bullet/CannonBullet_Height.png
  artifactKey: Guid(bf2b6489e327f6545b41324c04f2a8de) Importer(815301076,1909f56bfc062723c751e8b465ee728b)
Start importing Assets/Imports/Characters/EnemyRobots/Textures/CannonMachine/Bullet/CannonBullet_Height.png using Guid(bf2b6489e327f6545b41324c04f2a8de) Importer(815301076,1909f56bfc062723c751e8b465ee728b)  -> (artifact id: 'dc4236b2e2437b9fc873e2683f87cf84') in 0.099106 seconds 
========================================================================
Received Import Request.
  Time since last request: 0.000162 seconds.
  path: Assets/Low Poly Pack/Prefabs/Chest Empty 1.prefab
  artifactKey: Guid(e0cb0124bd984994995b21fde50ed544) Importer(815301076,1909f56bfc062723c751e8b465ee728b)
Start importing Assets/Low Poly Pack/Prefabs/Chest Empty 1.prefab using Guid(e0cb0124bd984994995b21fde50ed544) Importer(815301076,1909f56bfc062723c751e8b465ee728b)  -> (artifact id: '78b284768f66e14c7cd011e4de58f6aa') in 0.465607 seconds 
========================================================================
Received Import Request.
  Time since last request: 0.000048 seconds.
  path: Assets/3D Stylized Сhairs/textur/Chair2/Height Chair2.png
  artifactKey: Guid(5820d7912178d524e98ff6f3dc0c3cd9) Importer(815301076,1909f56bfc062723c751e8b465ee728b)
Start importing Assets/3D Stylized Сhairs/textur/Chair2/Height Chair2.png using Guid(5820d7912178d524e98ff6f3dc0c3cd9) Importer(815301076,1909f56bfc062723c751e8b465ee728b)  -> (artifact id: '18eb296a4f49c58798dd54cd858771f5') in 0.101138 seconds 
========================================================================
Received Import Request.
  Time since last request: 0.000037 seconds.
  path: Assets/3D Stylized Сhairs/textur/Chair5/Height Chair5.png
  artifactKey: Guid(3530c653712bcb1428853901011076d7) Importer(815301076,1909f56bfc062723c751e8b465ee728b)
Start importing Assets/3D Stylized Сhairs/textur/Chair5/Height Chair5.png using Guid(3530c653712bcb1428853901011076d7) Importer(815301076,1909f56bfc062723c751e8b465ee728b)  -> (artifact id: 'f565e726497041a64687a9fcf45d1b8a') in 0.232522 seconds 
========================================================================
Received Import Request.
  Time since last request: 0.000044 seconds.
  path: Assets/Low Poly Pack/Meshes/IceSheet 1.fbx
  artifactKey: Guid(ddce8dcf57204c444bcc3154061e97c5) Importer(815301076,1909f56bfc062723c751e8b465ee728b)
Start importing Assets/Low Poly Pack/Meshes/IceSheet 1.fbx using Guid(ddce8dcf57204c444bcc3154061e97c5) Importer(815301076,1909f56bfc062723c751e8b465ee728b)  -> (artifact id: '9fac3423e36c87068711efb10a3eb251') in 0.347058 seconds 
========================================================================
Received Import Request.
  Time since last request: 0.000044 seconds.
  path: Assets/Low Poly Mushrooms Pack/Fbx/Amanita_Phalloides_little 1.fbx
  artifactKey: Guid(ee12160decf6d2f4685da83c5f5e299a) Importer(815301076,1909f56bfc062723c751e8b465ee728b)
Start importing Assets/Low Poly Mushrooms Pack/Fbx/Amanita_Phalloides_little 1.fbx using Guid(ee12160decf6d2f4685da83c5f5e299a) Importer(815301076,1909f56bfc062723c751e8b465ee728b)  -> (artifact id: '0909192e8d8daa66c099a73c8f6d747b') in 0.153496 seconds 
========================================================================
Received Import Request.
  Time since last request: 0.000037 seconds.
  path: Assets/Low Poly Mushrooms Pack/Fbx/Macrolepiota_big.fbx
  artifactKey: Guid(4643d755a19d847439794b4a12add31e) Importer(815301076,1909f56bfc062723c751e8b465ee728b)
Start importing Assets/Low Poly Mushrooms Pack/Fbx/Macrolepiota_big.fbx using Guid(4643d755a19d847439794b4a12add31e) Importer(815301076,1909f56bfc062723c751e8b465ee728b)  -> (artifact id: 'b22a423272283914c9bf99f62e3bff63') in 0.132086 seconds 
========================================================================
Received Import Request.
  Time since last request: 0.000044 seconds.
  path: Assets/3D Stylized Сhairs/textur/Chair2/AO Chair2.png
  artifactKey: Guid(b298b85882eab8f4f8f11402f9c45398) Importer(815301076,1909f56bfc062723c751e8b465ee728b)
Start importing Assets/3D Stylized Сhairs/textur/Chair2/AO Chair2.png using Guid(b298b85882eab8f4f8f11402f9c45398) Importer(815301076,1909f56bfc062723c751e8b465ee728b)  -> (artifact id: 'd49381c26c8489ee9787b203293ea86e') in 0.127395 seconds 
========================================================================
Received Import Request.
  Time since last request: 0.000048 seconds.
  path: Assets/Imports/Environment/BrokenVector/LowPolyTreePack/Textures/Colorsheet Tree Normal.png
  artifactKey: Guid(8ba8b94b5ab0c214fa2810a7df98a1a9) Importer(815301076,1909f56bfc062723c751e8b465ee728b)
Start importing Assets/Imports/Environment/BrokenVector/LowPolyTreePack/Textures/Colorsheet Tree Normal.png using Guid(8ba8b94b5ab0c214fa2810a7df98a1a9) Importer(815301076,1909f56bfc062723c751e8b465ee728b)  -> (artifact id: '4fdfffbd4c2c1a70a3ba6397c512d17d') in 0.039959 seconds 
========================================================================
Received Import Request.
  Time since last request: 0.000036 seconds.
  path: Assets/Low Poly Mushrooms Pack/Prefabs/Mushrooms/Amanita_Phalloides_little.prefab
  artifactKey: Guid(9fab22c395957814791cd1cacde48073) Importer(815301076,1909f56bfc062723c751e8b465ee728b)
Start importing Assets/Low Poly Mushrooms Pack/Prefabs/Mushrooms/Amanita_Phalloides_little.prefab using Guid(9fab22c395957814791cd1cacde48073) Importer(815301076,1909f56bfc062723c751e8b465ee728b)  -> (artifact id: 'e0888039df88fce9c450c3814d41cea0') in 0.034502 seconds 
========================================================================
Received Import Request.
  Time since last request: 0.000036 seconds.
  path: Assets/Low Poly Pack/Prefabs/Chest Broken 1.prefab
  artifactKey: Guid(85815a40e6f367b48920a96ca90ced72) Importer(815301076,1909f56bfc062723c751e8b465ee728b)
Start importing Assets/Low Poly Pack/Prefabs/Chest Broken 1.prefab using Guid(85815a40e6f367b48920a96ca90ced72) Importer(815301076,1909f56bfc062723c751e8b465ee728b)  -> (artifact id: 'c3babb169a3a698885b3d2edb459be8a') in 0.492439 seconds 
========================================================================
Received Import Request.
  Time since last request: 0.000063 seconds.
  path: Assets/Imports/Environment/BrokenVector/LowPolyTreePack/Textures/Colorsheet Tree Fall.png
  artifactKey: Guid(99897f7919c46fc43969a2a130434315) Importer(815301076,1909f56bfc062723c751e8b465ee728b)
Start importing Assets/Imports/Environment/BrokenVector/LowPolyTreePack/Textures/Colorsheet Tree Fall.png using Guid(99897f7919c46fc43969a2a130434315) Importer(815301076,1909f56bfc062723c751e8b465ee728b)  -> (artifact id: 'a6b409ffc7f599f374585a7d7f74e3c2') in 0.132377 seconds 
========================================================================
Received Import Request.
  Time since last request: 0.000083 seconds.
  path: Assets/Low Poly Pack/Meshes/Leather Coat Damaged 1.fbx
  artifactKey: Guid(25abf28854f962547b2ea2aff26d8240) Importer(815301076,1909f56bfc062723c751e8b465ee728b)
Start importing Assets/Low Poly Pack/Meshes/Leather Coat Damaged 1.fbx using Guid(25abf28854f962547b2ea2aff26d8240) Importer(815301076,1909f56bfc062723c751e8b465ee728b)  -> (artifact id: 'b27fb598054e2640de80142ee9c6da7d') in 0.089993 seconds 
========================================================================
Received Import Request.
  Time since last request: 0.000040 seconds.
  path: Assets/Low Poly Pack/Prefabs/IceSheet 1.prefab
  artifactKey: Guid(d7d3564d484814340b66adfd3fdb6d14) Importer(815301076,1909f56bfc062723c751e8b465ee728b)
Start importing Assets/Low Poly Pack/Prefabs/IceSheet 1.prefab using Guid(d7d3564d484814340b66adfd3fdb6d14) Importer(815301076,1909f56bfc062723c751e8b465ee728b)  -> (artifact id: '25e03f8415cf6a281aaf0df7fc42466d') in 0.057850 seconds 
========================================================================
Received Import Request.
  Time since last request: 0.000054 seconds.
  path: Assets/3D Stylized Сhairs/textur/Chair3/Albedo Chair3.png
  artifactKey: Guid(411be4170980af441a462e1e09bb3a9e) Importer(815301076,1909f56bfc062723c751e8b465ee728b)
Start importing Assets/3D Stylized Сhairs/textur/Chair3/Albedo Chair3.png using Guid(411be4170980af441a462e1e09bb3a9e) Importer(815301076,1909f56bfc062723c751e8b465ee728b)  -> (artifact id: 'f41a818777bf3ed20e5e5f5e00ed24a0') in 0.129850 seconds 
========================================================================
Received Import Request.
  Time since last request: 0.000048 seconds.
  path: Assets/TinyFire VFX/Textures/Hexagon.png
  artifactKey: Guid(d4017144ccddf78409031dab3aefc633) Importer(815301076,1909f56bfc062723c751e8b465ee728b)
Start importing Assets/TinyFire VFX/Textures/Hexagon.png using Guid(d4017144ccddf78409031dab3aefc633) Importer(815301076,1909f56bfc062723c751e8b465ee728b)  -> (artifact id: '1a51947263086c2ef791d0f1bbc65745') in 0.056843 seconds 
========================================================================
Received Import Request.
  Time since last request: 0.000049 seconds.
  path: Assets/Low Poly Pack/Meshes/Chest Empty 1.fbx
  artifactKey: Guid(d84df4d9969556141b5ad16271c802e4) Importer(815301076,1909f56bfc062723c751e8b465ee728b)
Start importing Assets/Low Poly Pack/Meshes/Chest Empty 1.fbx using Guid(d84df4d9969556141b5ad16271c802e4) Importer(815301076,1909f56bfc062723c751e8b465ee728b)  -> (artifact id: 'f000d3d891deab5d999f0fee333275ce') in 0.046303 seconds 
========================================================================
Received Import Request.
  Time since last request: 0.000040 seconds.
  path: Assets/Low Poly Pack/Prefabs/IceSheet 2.prefab
  artifactKey: Guid(a368f28b76e074f44945fec8863acb6b) Importer(815301076,1909f56bfc062723c751e8b465ee728b)
Start importing Assets/Low Poly Pack/Prefabs/IceSheet 2.prefab using Guid(a368f28b76e074f44945fec8863acb6b) Importer(815301076,1909f56bfc062723c751e8b465ee728b)  -> (artifact id: 'b94dc5fa2f081d7e46a4fb263c7cbba2') in 0.053157 seconds 
========================================================================
Received Import Request.
  Time since last request: 0.000032 seconds.
  path: Assets/Imports/Characters/EnemyRobots/Textures/CannonMachine/CannonMachine/CannonMachine_Height.png
  artifactKey: Guid(03dcd0751e09c5d47978e839e5bc8599) Importer(815301076,1909f56bfc062723c751e8b465ee728b)
Start importing Assets/Imports/Characters/EnemyRobots/Textures/CannonMachine/CannonMachine/CannonMachine_Height.png using Guid(03dcd0751e09c5d47978e839e5bc8599) Importer(815301076,1909f56bfc062723c751e8b465ee728b)  -> (artifact id: 'fe4a439d9dda6b5c42b30f4c923a385d') in 0.161869 seconds 
========================================================================
Received Import Request.
  Time since last request: 0.000049 seconds.
  path: Assets/Low Poly Mushrooms Pack/Prefabs/Mushrooms/Amanita_Phalloides_big.prefab
  artifactKey: Guid(e65b6555167c5334a9849fc6d3199d7d) Importer(815301076,1909f56bfc062723c751e8b465ee728b)
Start importing Assets/Low Poly Mushrooms Pack/Prefabs/Mushrooms/Amanita_Phalloides_big.prefab using Guid(e65b6555167c5334a9849fc6d3199d7d) Importer(815301076,1909f56bfc062723c751e8b465ee728b)  -> (artifact id: '46ab890c9046b19d422d553a73a77ec7') in 0.039937 seconds 
========================================================================
Received Import Request.
  Time since last request: 0.000117 seconds.
  path: Assets/Low Poly Pack/Meshes/IceSheet 2.fbx
  artifactKey: Guid(7aa9689a99e3e3340ba18938db2a8dea) Importer(815301076,1909f56bfc062723c751e8b465ee728b)
Start importing Assets/Low Poly Pack/Meshes/IceSheet 2.fbx using Guid(7aa9689a99e3e3340ba18938db2a8dea) Importer(815301076,1909f56bfc062723c751e8b465ee728b)  -> (artifact id: '56f44d9ca3c458e4309ee5e63434c143') in 0.053257 seconds 
========================================================================
Received Import Request.
  Time since last request: 0.000078 seconds.
  path: Assets/3D Stylized Сhairs/textur/Chair3/Height  Chair3.png
  artifactKey: Guid(1dcc8d612923d21489e258d2a5f2c428) Importer(815301076,1909f56bfc062723c751e8b465ee728b)
Start importing Assets/3D Stylized Сhairs/textur/Chair3/Height  Chair3.png using Guid(1dcc8d612923d21489e258d2a5f2c428) Importer(815301076,1909f56bfc062723c751e8b465ee728b)  -> (artifact id: '0542da542bb2fded14697dcef7715d6f') in 0.163962 seconds 
========================================================================
Received Import Request.
  Time since last request: 0.000077 seconds.
  path: Assets/Imports/Environment/BrokenVector/LowPolyTreePack/Textures/Colorsheet Tree Dry.png
  artifactKey: Guid(9236635f319ab034fa33215e8eaa903a) Importer(815301076,1909f56bfc062723c751e8b465ee728b)
Start importing Assets/Imports/Environment/BrokenVector/LowPolyTreePack/Textures/Colorsheet Tree Dry.png using Guid(9236635f319ab034fa33215e8eaa903a) Importer(815301076,1909f56bfc062723c751e8b465ee728b)  -> (artifact id: '63ce121290a34000cbf1005a622a581f') in 0.139768 seconds 
========================================================================
Received Import Request.
  Time since last request: 0.000053 seconds.
  path: Assets/Low Poly Pack/Meshes/Chest Broken 1.fbx
  artifactKey: Guid(4c56ee2ff318fd84a898510a53e370e2) Importer(815301076,1909f56bfc062723c751e8b465ee728b)
Start importing Assets/Low Poly Pack/Meshes/Chest Broken 1.fbx using Guid(4c56ee2ff318fd84a898510a53e370e2) Importer(815301076,1909f56bfc062723c751e8b465ee728b)  -> (artifact id: '31ed251b1592636e425e5ca6b5a7212c') in 0.071426 seconds 
========================================================================
Received Import Request.
  Time since last request: 361.020145 seconds.
  path: Assets/Imports/Characters/Cowboy_RIO
  artifactKey: Guid(7082d8578c733964bbd5052f5ddaaf3b) Importer(815301076,1909f56bfc062723c751e8b465ee728b)
Start importing Assets/Imports/Characters/Cowboy_RIO using Guid(7082d8578c733964bbd5052f5ddaaf3b) Importer(815301076,1909f56bfc062723c751e8b465ee728b)  -> (artifact id: '43a21550c5ea721858563cbb0a780c8e') in 0.025531 seconds 
