Using pre-set license
Built from '2021.3/staging' branch; Version is '2021.3.5f1 (40eb3a945986) revision 4254522'; Using compiler version '192829333'; Build Type 'Release'
OS: 'Windows 11  (10.0.22631) 64bit Core' Language: 'en' Physical Memory: 16108 MB
BatchMode: 1, IsHumanControllingUs: 0, StartBugReporterOnCrash: 0, Is64bit: 1, IsPro: 1

COMMAND LINE ARGUMENTS:
C:\Program Files\Unity\Hub\Editor\2021.3.5f1\Editor\Unity.exe
-adb2
-batchMode
-noUpm
-name
AssetImportWorker2
-projectPath
C:/Users/couga/Documents/Classes-Local/GAME-351/FinalProject-GAME351
-logFile
Logs/AssetImportWorker2.log
-srvPort
58557
Successfully changed project path to: C:/Users/couga/Documents/Classes-Local/GAME-351/FinalProject-GAME351
C:/Users/couga/Documents/Classes-Local/GAME-351/FinalProject-GAME351
[UnityMemory] Configuration Parameters - Can be set up in boot.config
    "memorysetup-bucket-allocator-granularity=16"
    "memorysetup-bucket-allocator-bucket-count=8"
    "memorysetup-bucket-allocator-block-size=33554432"
    "memorysetup-bucket-allocator-block-count=8"
    "memorysetup-main-allocator-block-size=16777216"
    "memorysetup-thread-allocator-block-size=16777216"
    "memorysetup-gfx-main-allocator-block-size=16777216"
    "memorysetup-gfx-thread-allocator-block-size=16777216"
    "memorysetup-cache-allocator-block-size=4194304"
    "memorysetup-typetree-allocator-block-size=2097152"
    "memorysetup-profiler-bucket-allocator-granularity=16"
    "memorysetup-profiler-bucket-allocator-bucket-count=8"
    "memorysetup-profiler-bucket-allocator-block-size=33554432"
    "memorysetup-profiler-bucket-allocator-block-count=8"
    "memorysetup-profiler-allocator-block-size=16777216"
    "memorysetup-profiler-editor-allocator-block-size=1048576"
    "memorysetup-temp-allocator-size-main=16777216"
    "memorysetup-job-temp-allocator-block-size=2097152"
    "memorysetup-job-temp-allocator-block-size-background=1048576"
    "memorysetup-job-temp-allocator-reduction-small-platforms=262144"
    "memorysetup-temp-allocator-size-background-worker=32768"
    "memorysetup-temp-allocator-size-job-worker=262144"
    "memorysetup-temp-allocator-size-preload-manager=33554432"
    "memorysetup-temp-allocator-size-nav-mesh-worker=65536"
    "memorysetup-temp-allocator-size-audio-worker=65536"
    "memorysetup-temp-allocator-size-cloud-worker=32768"
    "memorysetup-temp-allocator-size-gi-baking-worker=262144"
    "memorysetup-temp-allocator-size-gfx=262144"
Refreshing native plugins compatible for Editor in 72.72 ms, found 3 plugins.
Preloading 0 native plugins for Editor in 0.00 ms.
Initialize engine version: 2021.3.5f1 (40eb3a945986)
[Subsystems] Discovering subsystems at path C:/Program Files/Unity/Hub/Editor/2021.3.5f1/Editor/Data/Resources/UnitySubsystems
[Subsystems] Discovering subsystems at path C:/Users/couga/Documents/Classes-Local/GAME-351/FinalProject-GAME351/Assets
GfxDevice: creating device client; threaded=0; jobified=0
Direct3D:
    Version:  Direct3D 11.0 [level 11.1]
    Renderer: Intel(R) Iris(R) Xe Graphics (ID=0xa7a1)
    Vendor:   Intel
    VRAM:     8054 MB
    Driver:   31.0.101.5522
Initialize mono
Mono path[0] = 'C:/Program Files/Unity/Hub/Editor/2021.3.5f1/Editor/Data/Managed'
Mono path[1] = 'C:/Program Files/Unity/Hub/Editor/2021.3.5f1/Editor/Data/MonoBleedingEdge/lib/mono/unityjit-win32'
Mono config path = 'C:/Program Files/Unity/Hub/Editor/2021.3.5f1/Editor/Data/MonoBleedingEdge/etc'
Using monoOptions --debugger-agent=transport=dt_socket,embedding=1,server=y,suspend=n,address=127.0.0.1:56780
Begin MonoManager ReloadAssembly
Registering precompiled unity dll's ...
Register platform support module: C:/Program Files/Unity/Hub/Editor/2021.3.5f1/Editor/Data/PlaybackEngines/WindowsStandaloneSupport/UnityEditor.WindowsStandalone.Extensions.dll
Registered in 0.003179 seconds.
Native extension for WindowsStandalone target not found
Refreshing native plugins compatible for Editor in 59.82 ms, found 3 plugins.
Preloading 0 native plugins for Editor in 0.00 ms.
Mono: successfully reloaded assembly
- Completed reload, in  0.461 seconds
Domain Reload Profiling:
	ReloadAssembly (462ms)
		BeginReloadAssembly (60ms)
			ExecutionOrderSort (0ms)
			DisableScriptedObjects (0ms)
			BackupInstance (0ms)
			ReleaseScriptingObjects (0ms)
			CreateAndSetChildDomain (1ms)
		EndReloadAssembly (315ms)
			LoadAssemblies (58ms)
			RebuildTransferFunctionScriptingTraits (0ms)
			SetupTypeCache (73ms)
			ReleaseScriptCaches (0ms)
			RebuildScriptCaches (19ms)
			SetupLoadedEditorAssemblies (187ms)
				LogAssemblyErrors (0ms)
				InitializePlatformSupportModulesInManaged (5ms)
				SetLoadedEditorAssemblies (0ms)
				RefreshPlugins (60ms)
				BeforeProcessingInitializeOnLoad (1ms)
				ProcessInitializeOnLoadAttributes (87ms)
				ProcessInitializeOnLoadMethodAttributes (33ms)
				AfterProcessingInitializeOnLoad (0ms)
				EditorAssembliesLoaded (0ms)
			ExecutionOrderSort2 (0ms)
			AwakeInstancesAfterBackupRestoration (0ms)
Platform modules already initialized, skipping
Registering precompiled user dll's ...
Registered in 0.003617 seconds.
Begin MonoManager ReloadAssembly
Symbol file LoadedFromMemory doesn't match image C:\Users\couga\Documents\Classes-Local\GAME-351\FinalProject-GAME351\Library\PackageCache\com.unity.visualscripting@1.7.8\Editor\VisualScripting.Core\Dependencies\YamlDotNet\Unity.VisualScripting.YamlDotNet.dll
Symbol file LoadedFromMemory doesn't match image C:\Users\couga\Documents\Classes-Local\GAME-351\FinalProject-GAME351\Library\PackageCache\com.unity.visualscripting@1.7.8\Editor\VisualScripting.Core\Dependencies\DotNetZip\Unity.VisualScripting.IonicZip.dll
Native extension for WindowsStandalone target not found
Refreshing native plugins compatible for Editor in 0.47 ms, found 3 plugins.
Preloading 0 native plugins for Editor in 0.00 ms.
Mono: successfully reloaded assembly
- Completed reload, in  0.731 seconds
Domain Reload Profiling:
	ReloadAssembly (732ms)
		BeginReloadAssembly (68ms)
			ExecutionOrderSort (0ms)
			DisableScriptedObjects (4ms)
			BackupInstance (0ms)
			ReleaseScriptingObjects (0ms)
			CreateAndSetChildDomain (12ms)
		EndReloadAssembly (581ms)
			LoadAssemblies (57ms)
			RebuildTransferFunctionScriptingTraits (0ms)
			SetupTypeCache (170ms)
			ReleaseScriptCaches (0ms)
			RebuildScriptCaches (34ms)
			SetupLoadedEditorAssemblies (286ms)
				LogAssemblyErrors (0ms)
				InitializePlatformSupportModulesInManaged (5ms)
				SetLoadedEditorAssemblies (0ms)
				RefreshPlugins (1ms)
				BeforeProcessingInitializeOnLoad (63ms)
				ProcessInitializeOnLoadAttributes (190ms)
				ProcessInitializeOnLoadMethodAttributes (23ms)
				AfterProcessingInitializeOnLoad (4ms)
				EditorAssembliesLoaded (0ms)
			ExecutionOrderSort2 (0ms)
			AwakeInstancesAfterBackupRestoration (5ms)
Platform modules already initialized, skipping
========================================================================
Worker process is ready to serve import requests
Launched and connected shader compiler UnityShaderCompiler.exe after 0.03 seconds
Refreshing native plugins compatible for Editor in 0.49 ms, found 3 plugins.
Preloading 0 native plugins for Editor in 0.00 ms.
Unloading 3743 Unused Serialized files (Serialized files now loaded: 0)
Unloading 26 unused Assets / (94.0 KB). Loaded Objects now: 4202.
Memory consumption went from 133.5 MB to 133.4 MB.
Total: 2.417400 ms (FindLiveObjects: 0.180400 ms CreateObjectMapping: 0.072300 ms MarkObjects: 2.072200 ms  DeleteObjects: 0.091300 ms)

AssetImportParameters requested are different than current active one (requested -> active):
  custom:video-decoder-ogg-theora: a1e56fd34408186e4bbccfd4996cb3dc -> 
  custom:container-muxer-webm: aa71ff27fc2769a1b78a27578f13a17b -> 
  custom:container-demuxer-webm: 4f35f7cbe854078d1ac9338744f61a02 -> 
  custom:video-encoder-webm-vp8: eb34c28f22e8b96e1ab97ce403110664 -> 
  custom:video-codec-MediaFoundation-h265: 746d11721c4dcdbdad8f713fa42b33f4 -> 
  custom:audio-encoder-webm-vorbis: bf7c407c2cedff20999df2af8eb42d56 -> 
  custom:framework-win-MediaFoundation: 216162199b28c13a410421893ffa2e32 -> 
  custom:container-demuxer-ogg: 62fdf1f143b41e24485cea50d1cbac27 -> 
  custom:video-decoder-webm-vp8: 9c59270c3fd7afecdb556c50c9e8de78 -> 
  custom:audio-decoder-ogg-vorbis: bf7c407c2cedff20999df2af8eb42d56 -> 
========================================================================
Received Import Request.
  Time since last request: 1198820.763551 seconds.
  path: Assets/EnemyRobots/Materials/CannonMachine/Particles/SmokeParticle.mat
  artifactKey: Guid(4f0077caf53021a45ac23e48be8a0caf) Importer(815301076,1909f56bfc062723c751e8b465ee728b)
Start importing Assets/EnemyRobots/Materials/CannonMachine/Particles/SmokeParticle.mat using Guid(4f0077caf53021a45ac23e48be8a0caf) Importer(815301076,1909f56bfc062723c751e8b465ee728b)  -> (artifact id: '1a7e44f5530a6875beca40b20b38c355') in 0.137478 seconds 
========================================================================
Received Import Request.
  Time since last request: 0.147660 seconds.
  path: Assets/BrokenVector/LowPolyTreePack/Materials/Normal.mat
  artifactKey: Guid(fe3e3b8ebc1a32647b48b7ea88f534a8) Importer(815301076,1909f56bfc062723c751e8b465ee728b)
Start importing Assets/BrokenVector/LowPolyTreePack/Materials/Normal.mat using Guid(fe3e3b8ebc1a32647b48b7ea88f534a8) Importer(815301076,1909f56bfc062723c751e8b465ee728b)  -> (artifact id: 'e6c5e6407304c6ccfa9d68959d617901') in 0.039248 seconds 
========================================================================
Received Import Request.
  Time since last request: 0.000023 seconds.
  path: Packages/com.unity.probuilder/Content/Resources/Materials/ProBuilderDefault.mat
  artifactKey: Guid(c22777d6e868e4f2fb421913386b154e) Importer(815301076,1909f56bfc062723c751e8b465ee728b)
Start importing Packages/com.unity.probuilder/Content/Resources/Materials/ProBuilderDefault.mat using Guid(c22777d6e868e4f2fb421913386b154e) Importer(815301076,1909f56bfc062723c751e8b465ee728b)  -> (artifact id: '61650a95be48d9176a2daa6636b64272') in 0.236829 seconds 
========================================================================
Received Import Request.
  Time since last request: 3.059748 seconds.
  path: Assets/EnemyRobots/Materials/MachineGunRobot/MachineGun/MachineGunRobot.mat
  artifactKey: Guid(ed47a40cf1c5ada4da968ebbf624cb37) Importer(815301076,1909f56bfc062723c751e8b465ee728b)
Start importing Assets/EnemyRobots/Materials/MachineGunRobot/MachineGun/MachineGunRobot.mat using Guid(ed47a40cf1c5ada4da968ebbf624cb37) Importer(815301076,1909f56bfc062723c751e8b465ee728b)  -> (artifact id: '365cdcfe4c43878f0c4809259eec8a17') in 0.265556 seconds 
========================================================================
Received Import Request.
  Time since last request: 2.977062 seconds.
  path: Assets/EnemyRobots/Materials/DemoScene/Ground.mat
  artifactKey: Guid(3ba8dc55cdcb9bd4e87e5742bec12623) Importer(815301076,1909f56bfc062723c751e8b465ee728b)
Start importing Assets/EnemyRobots/Materials/DemoScene/Ground.mat using Guid(3ba8dc55cdcb9bd4e87e5742bec12623) Importer(815301076,1909f56bfc062723c751e8b465ee728b)  -> (artifact id: '24f748c36cb7f9effe1a48882771a756') in 0.104596 seconds 
========================================================================
Received Import Request.
  Time since last request: 0.024286 seconds.
  path: Packages/com.unity.probuilder/Content/Resources/Materials/FacePickerHDRP.mat
  artifactKey: Guid(a53ef0dd76f2fe74eb5f43267d7c0195) Importer(815301076,1909f56bfc062723c751e8b465ee728b)
Start importing Packages/com.unity.probuilder/Content/Resources/Materials/FacePickerHDRP.mat using Guid(a53ef0dd76f2fe74eb5f43267d7c0195) Importer(815301076,1909f56bfc062723c751e8b465ee728b)  -> (artifact id: '38bb5a4db4a260e66da572510dbb87cd') in 0.017292 seconds 
========================================================================
Received Import Request.
  Time since last request: 3.944338 seconds.
  path: Packages/com.unity.probuilder/Content/Resources/Materials/EdgePicker.mat
  artifactKey: Guid(4ff996e3a0a5743a3987ab6231160665) Importer(815301076,1909f56bfc062723c751e8b465ee728b)
Start importing Packages/com.unity.probuilder/Content/Resources/Materials/EdgePicker.mat using Guid(4ff996e3a0a5743a3987ab6231160665) Importer(815301076,1909f56bfc062723c751e8b465ee728b)  -> (artifact id: '8abf0d097847cb0337c12419a90f19ea') in 0.018364 seconds 
========================================================================
Received Import Request.
  Time since last request: 0.089314 seconds.
  path: Packages/com.unity.probuilder/Content/Resources/Materials/Collider.mat
  artifactKey: Guid(bbb235fff4f48426b863b36058ab66d2) Importer(815301076,1909f56bfc062723c751e8b465ee728b)
Start importing Packages/com.unity.probuilder/Content/Resources/Materials/Collider.mat using Guid(bbb235fff4f48426b863b36058ab66d2) Importer(815301076,1909f56bfc062723c751e8b465ee728b)  -> (artifact id: 'bd489a396995fa140aadd06fb2c2f3de') in 0.024237 seconds 
========================================================================
Received Import Request.
  Time since last request: 0.469490 seconds.
  path: Assets/EnemyRobots/Materials/CannonMachine/CannonMachine/CannonMachine_Glass.mat
  artifactKey: Guid(4ea175d0e16b4ed4aa11258159c81358) Importer(815301076,1909f56bfc062723c751e8b465ee728b)
Start importing Assets/EnemyRobots/Materials/CannonMachine/CannonMachine/CannonMachine_Glass.mat using Guid(4ea175d0e16b4ed4aa11258159c81358) Importer(815301076,1909f56bfc062723c751e8b465ee728b)  -> (artifact id: 'b456a8b359b57f6ff9184f1888b24b51') in 0.161969 seconds 
========================================================================
Received Import Request.
  Time since last request: 0.228249 seconds.
  path: Assets/EnemyRobots/Materials/CannonMachine/CannonMachine/CannonMachine.mat
  artifactKey: Guid(96b7e938c0c800245b67621dd2d48da8) Importer(815301076,1909f56bfc062723c751e8b465ee728b)
Start importing Assets/EnemyRobots/Materials/CannonMachine/CannonMachine/CannonMachine.mat using Guid(96b7e938c0c800245b67621dd2d48da8) Importer(815301076,1909f56bfc062723c751e8b465ee728b)  -> (artifact id: '2b8c96246394e54f224366f1d016bc03') in 0.226636 seconds 
========================================================================
Received Import Request.
  Time since last request: 144.729335 seconds.
  path: Assets
  artifactKey: Guid(00000000000000001000000000000000) Importer(815301076,1909f56bfc062723c751e8b465ee728b)
Start importing Assets using Guid(00000000000000001000000000000000) Importer(815301076,1909f56bfc062723c751e8b465ee728b)  -> (artifact id: '79842766b460edbeab6a34051e857a80') in 0.010353 seconds 
========================================================================
Received Import Request.
  Time since last request: 6.938587 seconds.
  path: Assets/BrokenVector/LowPolyTreePack/Materials/Cold.mat
  artifactKey: Guid(d945c681c4504df439962c1a6f33d8af) Importer(815301076,1909f56bfc062723c751e8b465ee728b)
Start importing Assets/BrokenVector/LowPolyTreePack/Materials/Cold.mat using Guid(d945c681c4504df439962c1a6f33d8af) Importer(815301076,1909f56bfc062723c751e8b465ee728b)  -> (artifact id: '0cea61152582cb2b93fff8d351fe6aef') in 0.027966 seconds 
========================================================================
Received Import Request.
  Time since last request: 1.423246 seconds.
  path: Assets/BrokenVector/LowPolyTreePack/Materials/Normal.mat
  artifactKey: Guid(fe3e3b8ebc1a32647b48b7ea88f534a8) Importer(815301076,1909f56bfc062723c751e8b465ee728b)
Start importing Assets/BrokenVector/LowPolyTreePack/Materials/Normal.mat using Guid(fe3e3b8ebc1a32647b48b7ea88f534a8) Importer(815301076,1909f56bfc062723c751e8b465ee728b)  -> (artifact id: '06d120285449d8a5225efc015b9ffb15') in 0.015662 seconds 
========================================================================
Received Import Request.
  Time since last request: 0.106757 seconds.
  path: Assets/LowlyPoly/Stylized Grass Texture/Materials/Stylize_Grass.mat
  artifactKey: Guid(5d8af8f434f69794eabd684fb44b4fbf) Importer(815301076,1909f56bfc062723c751e8b465ee728b)
Start importing Assets/LowlyPoly/Stylized Grass Texture/Materials/Stylize_Grass.mat using Guid(5d8af8f434f69794eabd684fb44b4fbf) Importer(815301076,1909f56bfc062723c751e8b465ee728b)  -> (artifact id: '8f0e772916f1b348ace2f9c1369cb381') in 0.201980 seconds 
========================================================================
Received Import Request.
  Time since last request: 43.106543 seconds.
  path: Assets/LowlyPoly/Stylized Grass Texture/Textures/Vol_42_1_Base_Color.png
  artifactKey: Guid(b900361e13e6eaa44963cb851faf3ed3) Importer(815301076,1909f56bfc062723c751e8b465ee728b)
Start importing Assets/LowlyPoly/Stylized Grass Texture/Textures/Vol_42_1_Base_Color.png using Guid(b900361e13e6eaa44963cb851faf3ed3) Importer(815301076,1909f56bfc062723c751e8b465ee728b)  -> (artifact id: '9d2519a098b56245aa1c80f683e2bac9') in 0.036414 seconds 
========================================================================
Received Import Request.
  Time since last request: 54.498876 seconds.
  path: Assets/EnemyRobots
  artifactKey: Guid(bb53ae0075363c045a15784f97c42a64) Importer(815301076,1909f56bfc062723c751e8b465ee728b)
Start importing Assets/EnemyRobots using Guid(bb53ae0075363c045a15784f97c42a64) Importer(815301076,1909f56bfc062723c751e8b465ee728b)  -> (artifact id: '5f4f2fd08b6ebe3ae95ac36e0fae65f1') in 0.009975 seconds 
========================================================================
Received Import Request.
  Time since last request: 3.548334 seconds.
  path: Assets/EnemyRobots/Prefabs
  artifactKey: Guid(6c093969df5280046b1c35d06d6ab53a) Importer(815301076,1909f56bfc062723c751e8b465ee728b)
Start importing Assets/EnemyRobots/Prefabs using Guid(6c093969df5280046b1c35d06d6ab53a) Importer(815301076,1909f56bfc062723c751e8b465ee728b)  -> (artifact id: '597728c1f36ea50d743f80b58bc92c2d') in 0.010162 seconds 
========================================================================
Received Import Request.
  Time since last request: 0.174405 seconds.
  path: Assets/EnemyRobots/Prefabs/CannonMachine.prefab
  artifactKey: Guid(1310908f07bd0d24aa8aaddbb080dbb4) Importer(815301076,1909f56bfc062723c751e8b465ee728b)
Start importing Assets/EnemyRobots/Prefabs/CannonMachine.prefab using Guid(1310908f07bd0d24aa8aaddbb080dbb4) Importer(815301076,1909f56bfc062723c751e8b465ee728b)  -> (artifact id: '4fbed954fc280d3d3224615fee91cba3') in 0.233385 seconds 
========================================================================
Received Import Request.
  Time since last request: 4.264354 seconds.
  path: Assets/EnemyRobots/Meshes
  artifactKey: Guid(7b90036370c3deb44882f289acf2f89e) Importer(815301076,1909f56bfc062723c751e8b465ee728b)
Start importing Assets/EnemyRobots/Meshes using Guid(7b90036370c3deb44882f289acf2f89e) Importer(815301076,1909f56bfc062723c751e8b465ee728b)  -> (artifact id: 'a031b7c869ee332ce25a75e015967665') in 0.009830 seconds 
========================================================================
Received Import Request.
  Time since last request: 0.386480 seconds.
  path: Assets/EnemyRobots/Materials
  artifactKey: Guid(80b6c173fe894444a93f1620ddbe1b8f) Importer(815301076,1909f56bfc062723c751e8b465ee728b)
Start importing Assets/EnemyRobots/Materials using Guid(80b6c173fe894444a93f1620ddbe1b8f) Importer(815301076,1909f56bfc062723c751e8b465ee728b)  -> (artifact id: 'e2858ca43d77e7cb84d7b846fc3de9a9') in 0.009956 seconds 
========================================================================
Received Import Request.
  Time since last request: 2.138073 seconds.
  path: Assets/Cowboy_RIO
  artifactKey: Guid(7082d8578c733964bbd5052f5ddaaf3b) Importer(815301076,1909f56bfc062723c751e8b465ee728b)
Start importing Assets/Cowboy_RIO using Guid(7082d8578c733964bbd5052f5ddaaf3b) Importer(815301076,1909f56bfc062723c751e8b465ee728b)  -> (artifact id: '58a420ccd238674164f8b611f8a8f481') in 0.009333 seconds 
========================================================================
Received Import Request.
  Time since last request: 1.391798 seconds.
  path: Assets/LowlyPoly
  artifactKey: Guid(d84e164c0c312aa4caa001ba0f15774f) Importer(815301076,1909f56bfc062723c751e8b465ee728b)
Start importing Assets/LowlyPoly using Guid(d84e164c0c312aa4caa001ba0f15774f) Importer(815301076,1909f56bfc062723c751e8b465ee728b)  -> (artifact id: '6d401e765674b2ad1142bf68ad771370') in 0.009421 seconds 
========================================================================
Received Import Request.
  Time since last request: 6.568857 seconds.
  path: Assets/Imports
  artifactKey: Guid(8665edf2640281741940839a629e04a7) Importer(815301076,1909f56bfc062723c751e8b465ee728b)
Start importing Assets/Imports using Guid(8665edf2640281741940839a629e04a7) Importer(815301076,1909f56bfc062723c751e8b465ee728b)  -> (artifact id: 'ae34837ae42d47c19c8864650615549b') in 0.012851 seconds 
========================================================================
Received Import Request.
  Time since last request: 5.953069 seconds.
  path: Assets/BrokenVector
  artifactKey: Guid(6b5bac4dcd568a0458c624e75bc16c35) Importer(815301076,1909f56bfc062723c751e8b465ee728b)
Start importing Assets/BrokenVector using Guid(6b5bac4dcd568a0458c624e75bc16c35) Importer(815301076,1909f56bfc062723c751e8b465ee728b)  -> (artifact id: '4ec7b5dd3b844eb219bb465d8bbc5010') in 0.010556 seconds 
========================================================================
Received Import Request.
  Time since last request: 8.370870 seconds.
  path: Assets/BrokenVector/LowPolyTreePack
  artifactKey: Guid(762d9af53e4f12743bc5e56e83602567) Importer(815301076,1909f56bfc062723c751e8b465ee728b)
Start importing Assets/BrokenVector/LowPolyTreePack using Guid(762d9af53e4f12743bc5e56e83602567) Importer(815301076,1909f56bfc062723c751e8b465ee728b)  -> (artifact id: '238c8a3c2d244cee92be9b4381ffa3fd') in 0.011107 seconds 
========================================================================
Received Import Request.
  Time since last request: 14.599389 seconds.
  path: Assets/Imports/Environment
  artifactKey: Guid(b106d810abb4b054f8a6cd3871b1b50a) Importer(815301076,1909f56bfc062723c751e8b465ee728b)
Start importing Assets/Imports/Environment using Guid(b106d810abb4b054f8a6cd3871b1b50a) Importer(815301076,1909f56bfc062723c751e8b465ee728b)  -> (artifact id: 'bab5fe4ee974ba9682c708488e636cfb') in 0.009683 seconds 
========================================================================
Received Import Request.
  Time since last request: 15.704390 seconds.
  path: Assets/Imports/Characters
  artifactKey: Guid(0d09bc530ecb4f64fbbb0f7179e3ef23) Importer(815301076,1909f56bfc062723c751e8b465ee728b)
Start importing Assets/Imports/Characters using Guid(0d09bc530ecb4f64fbbb0f7179e3ef23) Importer(815301076,1909f56bfc062723c751e8b465ee728b)  -> (artifact id: 'cffc068c7bf8f9de8eb8c5459e7bcb25') in 0.012905 seconds 
========================================================================
Received Import Request.
  Time since last request: 9.406622 seconds.
  path: Assets/Imports/Environment/LowlyPoly/Stylized Grass Texture
  artifactKey: Guid(2f14d375d07e40941aa4c857f21eb94c) Importer(815301076,1909f56bfc062723c751e8b465ee728b)
Start importing Assets/Imports/Environment/LowlyPoly/Stylized Grass Texture using Guid(2f14d375d07e40941aa4c857f21eb94c) Importer(815301076,1909f56bfc062723c751e8b465ee728b)  -> (artifact id: 'a4acc3fa61e4ced0cc74d76c8ab4b705') in 0.009980 seconds 
========================================================================
Received Import Request.
  Time since last request: 3.646627 seconds.
  path: Assets/Unity Technologies
  artifactKey: Guid(ea49568b83289794b802ca2c2a18223d) Importer(815301076,1909f56bfc062723c751e8b465ee728b)
Start importing Assets/Unity Technologies using Guid(ea49568b83289794b802ca2c2a18223d) Importer(815301076,1909f56bfc062723c751e8b465ee728b)  -> (artifact id: 'aa754e38eaadb9587647387a0ecca0e5') in 0.013631 seconds 
========================================================================
Received Import Request.
  Time since last request: 1.381313 seconds.
  path: Assets/Unity Technologies/LowpolyCharacterRio
  artifactKey: Guid(45fb18fd3feb1024ba4eafbab81594e8) Importer(815301076,1909f56bfc062723c751e8b465ee728b)
Start importing Assets/Unity Technologies/LowpolyCharacterRio using Guid(45fb18fd3feb1024ba4eafbab81594e8) Importer(815301076,1909f56bfc062723c751e8b465ee728b)  -> (artifact id: '003d6174da120987d6a9208126ac0a23') in 0.013531 seconds 
========================================================================
Received Import Request.
  Time since last request: 15.695411 seconds.
  path: Assets/Imports/Characters/Cowboy_RIO/Prefab
  artifactKey: Guid(9d6b9056171cbcc4a8ecb0d2630b03b5) Importer(815301076,1909f56bfc062723c751e8b465ee728b)
Start importing Assets/Imports/Characters/Cowboy_RIO/Prefab using Guid(9d6b9056171cbcc4a8ecb0d2630b03b5) Importer(815301076,1909f56bfc062723c751e8b465ee728b)  -> (artifact id: '791efdc1090259a09062e4900636179d') in 0.010281 seconds 
========================================================================
Received Import Request.
  Time since last request: 0.050880 seconds.
  path: Assets/Imports/Characters/Cowboy_RIO/Prefab/Cowboy_RIO.prefab
  artifactKey: Guid(ba2e5d86148740648bda209e2fb8e3ec) Importer(815301076,1909f56bfc062723c751e8b465ee728b)
Start importing Assets/Imports/Characters/Cowboy_RIO/Prefab/Cowboy_RIO.prefab using Guid(ba2e5d86148740648bda209e2fb8e3ec) Importer(815301076,1909f56bfc062723c751e8b465ee728b)  -> (artifact id: 'f4633e5c2711c4fc6aa8d3b783e28213') in 0.025328 seconds 
========================================================================
Received Import Request.
  Time since last request: 450.368287 seconds.
  path: Assets/Imports/Characters/Cowboy_RIO/Prefab/Cowboy_RIO.prefab
  artifactKey: Guid(ba2e5d86148740648bda209e2fb8e3ec) Importer(815301076,1909f56bfc062723c751e8b465ee728b)
Start importing Assets/Imports/Characters/Cowboy_RIO/Prefab/Cowboy_RIO.prefab using Guid(ba2e5d86148740648bda209e2fb8e3ec) Importer(815301076,1909f56bfc062723c751e8b465ee728b)  -> (artifact id: 'd70ec977c6a15f2c3595fe74dfc90945') in 0.136835 seconds 
